[0.135s] DEBUG:colcon:Command line arguments: ['/usr/bin/colcon', 'build']
[0.135s] DEBUG:colcon:Parsed command line arguments: Namespace(log_base=None, log_level=None, verb_name='build', build_base='build', install_base='install', merge_install=False, symlink_install=False, test_result_base=None, continue_on_error=False, executor='parallel', parallel_workers=16, event_handlers=None, ignore_user_meta=False, metas=['./colcon.meta'], base_paths=['.'], packages_ignore=None, packages_ignore_regex=None, paths=None, packages_up_to=None, packages_up_to_regex=None, packages_above=None, packages_above_and_dependencies=None, packages_above_depth=None, packages_select_by_dep=None, packages_skip_by_dep=None, packages_skip_up_to=None, packages_select_build_failed=False, packages_skip_build_finished=False, packages_select_test_failures=False, packages_skip_test_passed=False, packages_select=None, packages_skip=None, packages_select_regex=None, packages_skip_regex=None, packages_start=None, packages_end=None, allow_overriding=[], cmake_args=None, cmake_target=None, cmake_target_skip_unavailable=False, cmake_clean_cache=False, cmake_clean_first=False, cmake_force_configure=False, ament_cmake_args=None, catkin_cmake_args=None, catkin_skip_building_tests=False, mixin_files=None, mixin=None, verb_parser=<colcon_mixin.mixin.mixin_argument.MixinArgumentDecorator object at 0x7f4dc0624370>, verb_extension=<colcon_core.verb.build.BuildVerb object at 0x7f4dc05efca0>, main=<bound method BuildVerb.main of <colcon_core.verb.build.BuildVerb object at 0x7f4dc05efca0>>, mixin_verb=('build',))
[0.158s] Level 1:colcon.colcon_core.package_discovery:discover_packages(colcon_meta) check parameters
[0.158s] Level 1:colcon.colcon_core.package_discovery:discover_packages(recursive) check parameters
[0.158s] Level 1:colcon.colcon_core.package_discovery:discover_packages(ignore) check parameters
[0.158s] Level 1:colcon.colcon_core.package_discovery:discover_packages(path) check parameters
[0.158s] Level 1:colcon.colcon_core.package_discovery:discover_packages(colcon_meta) discover
[0.158s] Level 1:colcon.colcon_core.package_discovery:discover_packages(recursive) discover
[0.158s] INFO:colcon.colcon_core.package_discovery:Crawling recursively for packages in '/home/user/workspace/udemy_robot/pratice_ws'
[0.158s] Level 1:colcon.colcon_core.package_identification:_identify(.) by extensions ['ignore', 'ignore_ament_install']
[0.158s] Level 1:colcon.colcon_core.package_identification:_identify(.) by extension 'ignore'
[0.158s] Level 1:colcon.colcon_core.package_identification:_identify(.) by extension 'ignore_ament_install'
[0.158s] Level 1:colcon.colcon_core.package_identification:_identify(.) by extensions ['colcon_pkg']
[0.158s] Level 1:colcon.colcon_core.package_identification:_identify(.) by extension 'colcon_pkg'
[0.158s] Level 1:colcon.colcon_core.package_identification:_identify(.) by extensions ['colcon_meta']
[0.158s] Level 1:colcon.colcon_core.package_identification:_identify(.) by extension 'colcon_meta'
[0.158s] Level 1:colcon.colcon_core.package_identification:_identify(.) by extensions ['ros']
[0.158s] Level 1:colcon.colcon_core.package_identification:_identify(.) by extension 'ros'
[0.167s] Level 1:colcon.colcon_core.package_identification:_identify(.) by extensions ['cmake', 'python']
[0.167s] Level 1:colcon.colcon_core.package_identification:_identify(.) by extension 'cmake'
[0.167s] Level 1:colcon.colcon_core.package_identification:_identify(.) by extension 'python'
[0.167s] Level 1:colcon.colcon_core.package_identification:_identify(.) by extensions ['python_setup_py']
[0.168s] Level 1:colcon.colcon_core.package_identification:_identify(.) by extension 'python_setup_py'
[0.168s] Level 1:colcon.colcon_core.package_identification:_identify(build) by extensions ['ignore', 'ignore_ament_install']
[0.168s] Level 1:colcon.colcon_core.package_identification:_identify(build) by extension 'ignore'
[0.168s] Level 1:colcon.colcon_core.package_identification:_identify(build) ignored
[0.168s] Level 1:colcon.colcon_core.package_identification:_identify(install) by extensions ['ignore', 'ignore_ament_install']
[0.168s] Level 1:colcon.colcon_core.package_identification:_identify(install) by extension 'ignore'
[0.168s] Level 1:colcon.colcon_core.package_identification:_identify(install) ignored
[0.168s] Level 1:colcon.colcon_core.package_identification:_identify(log) by extensions ['ignore', 'ignore_ament_install']
[0.168s] Level 1:colcon.colcon_core.package_identification:_identify(log) by extension 'ignore'
[0.168s] Level 1:colcon.colcon_core.package_identification:_identify(log) ignored
[0.168s] Level 1:colcon.colcon_core.package_identification:_identify(src) by extensions ['ignore', 'ignore_ament_install']
[0.168s] Level 1:colcon.colcon_core.package_identification:_identify(src) by extension 'ignore'
[0.168s] Level 1:colcon.colcon_core.package_identification:_identify(src) by extension 'ignore_ament_install'
[0.168s] Level 1:colcon.colcon_core.package_identification:_identify(src) by extensions ['colcon_pkg']
[0.168s] Level 1:colcon.colcon_core.package_identification:_identify(src) by extension 'colcon_pkg'
[0.168s] Level 1:colcon.colcon_core.package_identification:_identify(src) by extensions ['colcon_meta']
[0.168s] Level 1:colcon.colcon_core.package_identification:_identify(src) by extension 'colcon_meta'
[0.168s] Level 1:colcon.colcon_core.package_identification:_identify(src) by extensions ['ros']
[0.168s] Level 1:colcon.colcon_core.package_identification:_identify(src) by extension 'ros'
[0.168s] Level 1:colcon.colcon_core.package_identification:_identify(src) by extensions ['cmake', 'python']
[0.168s] Level 1:colcon.colcon_core.package_identification:_identify(src) by extension 'cmake'
[0.168s] Level 1:colcon.colcon_core.package_identification:_identify(src) by extension 'python'
[0.168s] Level 1:colcon.colcon_core.package_identification:_identify(src) by extensions ['python_setup_py']
[0.168s] Level 1:colcon.colcon_core.package_identification:_identify(src) by extension 'python_setup_py'
[0.168s] Level 1:colcon.colcon_core.package_identification:_identify(src/myrobot_description) by extensions ['ignore', 'ignore_ament_install']
[0.168s] Level 1:colcon.colcon_core.package_identification:_identify(src/myrobot_description) by extension 'ignore'
[0.169s] Level 1:colcon.colcon_core.package_identification:_identify(src/myrobot_description) by extension 'ignore_ament_install'
[0.169s] Level 1:colcon.colcon_core.package_identification:_identify(src/myrobot_description) by extensions ['colcon_pkg']
[0.169s] Level 1:colcon.colcon_core.package_identification:_identify(src/myrobot_description) by extension 'colcon_pkg'
[0.169s] Level 1:colcon.colcon_core.package_identification:_identify(src/myrobot_description) by extensions ['colcon_meta']
[0.169s] Level 1:colcon.colcon_core.package_identification:_identify(src/myrobot_description) by extension 'colcon_meta'
[0.169s] Level 1:colcon.colcon_core.package_identification:_identify(src/myrobot_description) by extensions ['ros']
[0.169s] Level 1:colcon.colcon_core.package_identification:_identify(src/myrobot_description) by extension 'ros'
[0.170s] DEBUG:colcon.colcon_core.package_identification:Package 'src/myrobot_description' with type 'ros.ament_cmake' and name 'myrobot_description'
[0.170s] Level 1:colcon.colcon_core.package_identification:_identify(src/robot_moveit) by extensions ['ignore', 'ignore_ament_install']
[0.170s] Level 1:colcon.colcon_core.package_identification:_identify(src/robot_moveit) by extension 'ignore'
[0.170s] Level 1:colcon.colcon_core.package_identification:_identify(src/robot_moveit) by extension 'ignore_ament_install'
[0.170s] Level 1:colcon.colcon_core.package_identification:_identify(src/robot_moveit) by extensions ['colcon_pkg']
[0.171s] Level 1:colcon.colcon_core.package_identification:_identify(src/robot_moveit) by extension 'colcon_pkg'
[0.171s] Level 1:colcon.colcon_core.package_identification:_identify(src/robot_moveit) by extensions ['colcon_meta']
[0.171s] Level 1:colcon.colcon_core.package_identification:_identify(src/robot_moveit) by extension 'colcon_meta'
[0.171s] Level 1:colcon.colcon_core.package_identification:_identify(src/robot_moveit) by extensions ['ros']
[0.171s] Level 1:colcon.colcon_core.package_identification:_identify(src/robot_moveit) by extension 'ros'
[0.171s] DEBUG:colcon.colcon_core.package_identification:Package 'src/robot_moveit' with type 'ros.ament_cmake' and name 'robot_moveit'
[0.171s] Level 1:colcon.colcon_core.package_discovery:discover_packages(recursive) using defaults
[0.171s] Level 1:colcon.colcon_core.package_discovery:discover_packages(ignore) discover
[0.171s] Level 1:colcon.colcon_core.package_discovery:discover_packages(ignore) using defaults
[0.171s] Level 1:colcon.colcon_core.package_discovery:discover_packages(path) discover
[0.171s] Level 1:colcon.colcon_core.package_discovery:discover_packages(path) using defaults
[0.184s] Level 1:colcon.colcon_core.package_discovery:discover_packages(prefix_path) check parameters
[0.184s] Level 1:colcon.colcon_core.package_discovery:discover_packages(prefix_path) discover
[0.185s] DEBUG:colcon.colcon_installed_package_information.package_discovery:Found 2 installed packages in /home/user/workspace/udemy_robot/pratice_ws/install
[0.185s] DEBUG:colcon.colcon_installed_package_information.package_discovery:Found 3 installed packages in /home/user/workspace/ros2_ws/install
[0.186s] DEBUG:colcon.colcon_installed_package_information.package_discovery:Found 433 installed packages in /opt/ros/humble
[0.187s] Level 1:colcon.colcon_core.package_discovery:discover_packages(prefix_path) using defaults
[0.218s] Level 5:colcon.colcon_core.verb:set package 'myrobot_description' build argument 'cmake_args' from command line to 'None'
[0.218s] Level 5:colcon.colcon_core.verb:set package 'myrobot_description' build argument 'cmake_target' from command line to 'None'
[0.218s] Level 5:colcon.colcon_core.verb:set package 'myrobot_description' build argument 'cmake_target_skip_unavailable' from command line to 'False'
[0.218s] Level 5:colcon.colcon_core.verb:set package 'myrobot_description' build argument 'cmake_clean_cache' from command line to 'False'
[0.218s] Level 5:colcon.colcon_core.verb:set package 'myrobot_description' build argument 'cmake_clean_first' from command line to 'False'
[0.218s] Level 5:colcon.colcon_core.verb:set package 'myrobot_description' build argument 'cmake_force_configure' from command line to 'False'
[0.218s] Level 5:colcon.colcon_core.verb:set package 'myrobot_description' build argument 'ament_cmake_args' from command line to 'None'
[0.218s] Level 5:colcon.colcon_core.verb:set package 'myrobot_description' build argument 'catkin_cmake_args' from command line to 'None'
[0.218s] Level 5:colcon.colcon_core.verb:set package 'myrobot_description' build argument 'catkin_skip_building_tests' from command line to 'False'
[0.218s] DEBUG:colcon.colcon_core.verb:Building package 'myrobot_description' with the following arguments: {'ament_cmake_args': None, 'build_base': '/home/user/workspace/udemy_robot/pratice_ws/build/myrobot_description', 'catkin_cmake_args': None, 'catkin_skip_building_tests': False, 'cmake_args': None, 'cmake_clean_cache': False, 'cmake_clean_first': False, 'cmake_force_configure': False, 'cmake_target': None, 'cmake_target_skip_unavailable': False, 'install_base': '/home/user/workspace/udemy_robot/pratice_ws/install/myrobot_description', 'merge_install': False, 'path': '/home/user/workspace/udemy_robot/pratice_ws/src/myrobot_description', 'symlink_install': False, 'test_result_base': None}
[0.218s] Level 5:colcon.colcon_core.verb:set package 'robot_moveit' build argument 'cmake_args' from command line to 'None'
[0.218s] Level 5:colcon.colcon_core.verb:set package 'robot_moveit' build argument 'cmake_target' from command line to 'None'
[0.218s] Level 5:colcon.colcon_core.verb:set package 'robot_moveit' build argument 'cmake_target_skip_unavailable' from command line to 'False'
[0.218s] Level 5:colcon.colcon_core.verb:set package 'robot_moveit' build argument 'cmake_clean_cache' from command line to 'False'
[0.218s] Level 5:colcon.colcon_core.verb:set package 'robot_moveit' build argument 'cmake_clean_first' from command line to 'False'
[0.218s] Level 5:colcon.colcon_core.verb:set package 'robot_moveit' build argument 'cmake_force_configure' from command line to 'False'
[0.218s] Level 5:colcon.colcon_core.verb:set package 'robot_moveit' build argument 'ament_cmake_args' from command line to 'None'
[0.218s] Level 5:colcon.colcon_core.verb:set package 'robot_moveit' build argument 'catkin_cmake_args' from command line to 'None'
[0.218s] Level 5:colcon.colcon_core.verb:set package 'robot_moveit' build argument 'catkin_skip_building_tests' from command line to 'False'
[0.218s] DEBUG:colcon.colcon_core.verb:Building package 'robot_moveit' with the following arguments: {'ament_cmake_args': None, 'build_base': '/home/user/workspace/udemy_robot/pratice_ws/build/robot_moveit', 'catkin_cmake_args': None, 'catkin_skip_building_tests': False, 'cmake_args': None, 'cmake_clean_cache': False, 'cmake_clean_first': False, 'cmake_force_configure': False, 'cmake_target': None, 'cmake_target_skip_unavailable': False, 'install_base': '/home/user/workspace/udemy_robot/pratice_ws/install/robot_moveit', 'merge_install': False, 'path': '/home/user/workspace/udemy_robot/pratice_ws/src/robot_moveit', 'symlink_install': False, 'test_result_base': None}
[0.218s] INFO:colcon.colcon_core.executor:Executing jobs using 'parallel' executor
[0.219s] DEBUG:colcon.colcon_parallel_executor.executor.parallel:run_until_complete
[0.220s] INFO:colcon.colcon_ros.task.ament_cmake.build:Building ROS package in '/home/user/workspace/udemy_robot/pratice_ws/src/myrobot_description' with build type 'ament_cmake'
[0.220s] INFO:colcon.colcon_cmake.task.cmake.build:Building CMake package in '/home/user/workspace/udemy_robot/pratice_ws/src/myrobot_description'
[0.221s] INFO:colcon.colcon_core.plugin_system:Skipping extension 'colcon_core.shell.bat': Not used on non-Windows systems
[0.222s] INFO:colcon.colcon_core.shell:Skip shell extension 'powershell' for command environment: Not usable outside of PowerShell
[0.222s] DEBUG:colcon.colcon_core.shell:Skip shell extension 'dsv' for command environment
[0.224s] INFO:colcon.colcon_ros.task.ament_cmake.build:Building ROS package in '/home/user/workspace/udemy_robot/pratice_ws/src/robot_moveit' with build type 'ament_cmake'
[0.224s] INFO:colcon.colcon_cmake.task.cmake.build:Building CMake package in '/home/user/workspace/udemy_robot/pratice_ws/src/robot_moveit'
[0.224s] INFO:colcon.colcon_core.shell:Skip shell extension 'powershell' for command environment: Not usable outside of PowerShell
[0.224s] DEBUG:colcon.colcon_core.shell:Skip shell extension 'dsv' for command environment
[0.231s] DEBUG:colcon.colcon_core.event_handler.log_command:Invoking command in '/home/user/workspace/udemy_robot/pratice_ws/build/myrobot_description': CMAKE_PREFIX_PATH=${CMAKE_PREFIX_PATH}:/home/user/workspace/ros2_ws/install/robot_arm_control:/home/user/workspace/ros2_ws/install/pros_car_py:/home/user/workspace/ros2_ws/install/my_py_pkg:/opt/ros/humble /usr/bin/cmake --build /home/user/workspace/udemy_robot/pratice_ws/build/myrobot_description -- -j16 -l16
[0.235s] DEBUG:colcon.colcon_core.event_handler.log_command:Invoking command in '/home/user/workspace/udemy_robot/pratice_ws/build/robot_moveit': CMAKE_PREFIX_PATH=${CMAKE_PREFIX_PATH}:/home/user/workspace/ros2_ws/install/robot_arm_control:/home/user/workspace/ros2_ws/install/pros_car_py:/home/user/workspace/ros2_ws/install/my_py_pkg:/opt/ros/humble /usr/bin/cmake --build /home/user/workspace/udemy_robot/pratice_ws/build/robot_moveit -- -j16 -l16
[0.249s] DEBUG:colcon.colcon_core.event_handler.log_command:Invoked command in '/home/user/workspace/udemy_robot/pratice_ws/build/myrobot_description' returned '0': CMAKE_PREFIX_PATH=${CMAKE_PREFIX_PATH}:/home/user/workspace/ros2_ws/install/robot_arm_control:/home/user/workspace/ros2_ws/install/pros_car_py:/home/user/workspace/ros2_ws/install/my_py_pkg:/opt/ros/humble /usr/bin/cmake --build /home/user/workspace/udemy_robot/pratice_ws/build/myrobot_description -- -j16 -l16
[0.254s] DEBUG:colcon.colcon_core.event_handler.log_command:Invoked command in '/home/user/workspace/udemy_robot/pratice_ws/build/robot_moveit' returned '0': CMAKE_PREFIX_PATH=${CMAKE_PREFIX_PATH}:/home/user/workspace/ros2_ws/install/robot_arm_control:/home/user/workspace/ros2_ws/install/pros_car_py:/home/user/workspace/ros2_ws/install/my_py_pkg:/opt/ros/humble /usr/bin/cmake --build /home/user/workspace/udemy_robot/pratice_ws/build/robot_moveit -- -j16 -l16
[0.266s] DEBUG:colcon.colcon_core.event_handler.log_command:Invoking command in '/home/user/workspace/udemy_robot/pratice_ws/build/myrobot_description': CMAKE_PREFIX_PATH=${CMAKE_PREFIX_PATH}:/home/user/workspace/ros2_ws/install/robot_arm_control:/home/user/workspace/ros2_ws/install/pros_car_py:/home/user/workspace/ros2_ws/install/my_py_pkg:/opt/ros/humble /usr/bin/cmake --install /home/user/workspace/udemy_robot/pratice_ws/build/myrobot_description
[0.267s] DEBUG:colcon.colcon_core.event_handler.log_command:Invoking command in '/home/user/workspace/udemy_robot/pratice_ws/build/robot_moveit': CMAKE_PREFIX_PATH=${CMAKE_PREFIX_PATH}:/home/user/workspace/ros2_ws/install/robot_arm_control:/home/user/workspace/ros2_ws/install/pros_car_py:/home/user/workspace/ros2_ws/install/my_py_pkg:/opt/ros/humble /usr/bin/cmake --install /home/user/workspace/udemy_robot/pratice_ws/build/robot_moveit
[0.275s] Level 1:colcon.colcon_core.environment:create_environment_scripts_only(myrobot_description)
[0.277s] DEBUG:colcon.colcon_core.event_handler.log_command:Invoked command in '/home/user/workspace/udemy_robot/pratice_ws/build/myrobot_description' returned '0': CMAKE_PREFIX_PATH=${CMAKE_PREFIX_PATH}:/home/user/workspace/ros2_ws/install/robot_arm_control:/home/user/workspace/ros2_ws/install/pros_car_py:/home/user/workspace/ros2_ws/install/my_py_pkg:/opt/ros/humble /usr/bin/cmake --install /home/user/workspace/udemy_robot/pratice_ws/build/myrobot_description
[0.278s] Level 1:colcon.colcon_core.environment:checking '/home/user/workspace/udemy_robot/pratice_ws/install/myrobot_description' for CMake module files
[0.279s] Level 1:colcon.colcon_core.environment:checking '/home/user/workspace/udemy_robot/pratice_ws/install/myrobot_description' for CMake config files
[0.279s] Level 1:colcon.colcon_core.shell:create_environment_hook('myrobot_description', 'cmake_prefix_path')
[0.279s] INFO:colcon.colcon_core.shell:Creating environment hook '/home/user/workspace/udemy_robot/pratice_ws/install/myrobot_description/share/myrobot_description/hook/cmake_prefix_path.ps1'
[0.279s] INFO:colcon.colcon_core.shell:Creating environment descriptor '/home/user/workspace/udemy_robot/pratice_ws/install/myrobot_description/share/myrobot_description/hook/cmake_prefix_path.dsv'
[0.279s] INFO:colcon.colcon_core.shell:Creating environment hook '/home/user/workspace/udemy_robot/pratice_ws/install/myrobot_description/share/myrobot_description/hook/cmake_prefix_path.sh'
[0.280s] Level 1:colcon.colcon_core.environment:checking '/home/user/workspace/udemy_robot/pratice_ws/install/myrobot_description/bin'
[0.280s] Level 1:colcon.colcon_core.environment:checking '/home/user/workspace/udemy_robot/pratice_ws/install/myrobot_description/lib/pkgconfig/myrobot_description.pc'
[0.280s] Level 1:colcon.colcon_core.environment:checking '/home/user/workspace/udemy_robot/pratice_ws/install/myrobot_description/lib/python3.10/site-packages'
[0.280s] Level 1:colcon.colcon_core.environment:checking '/home/user/workspace/udemy_robot/pratice_ws/install/myrobot_description/bin'
[0.280s] INFO:colcon.colcon_core.shell:Creating package script '/home/user/workspace/udemy_robot/pratice_ws/install/myrobot_description/share/myrobot_description/package.ps1'
[0.281s] INFO:colcon.colcon_core.shell:Creating package descriptor '/home/user/workspace/udemy_robot/pratice_ws/install/myrobot_description/share/myrobot_description/package.dsv'
[0.281s] INFO:colcon.colcon_core.shell:Creating package script '/home/user/workspace/udemy_robot/pratice_ws/install/myrobot_description/share/myrobot_description/package.sh'
[0.282s] INFO:colcon.colcon_core.shell:Creating package script '/home/user/workspace/udemy_robot/pratice_ws/install/myrobot_description/share/myrobot_description/package.bash'
[0.282s] INFO:colcon.colcon_core.shell:Creating package script '/home/user/workspace/udemy_robot/pratice_ws/install/myrobot_description/share/myrobot_description/package.zsh'
[0.282s] Level 1:colcon.colcon_core.environment:create_file_with_runtime_dependencies(/home/user/workspace/udemy_robot/pratice_ws/install/myrobot_description/share/colcon-core/packages/myrobot_description)
[0.283s] Level 1:colcon.colcon_core.environment:create_environment_scripts_only(robot_moveit)
[0.283s] Level 1:colcon.colcon_core.environment:checking '/home/user/workspace/udemy_robot/pratice_ws/install/robot_moveit' for CMake module files
[0.284s] DEBUG:colcon.colcon_core.event_handler.log_command:Invoked command in '/home/user/workspace/udemy_robot/pratice_ws/build/robot_moveit' returned '0': CMAKE_PREFIX_PATH=${CMAKE_PREFIX_PATH}:/home/user/workspace/ros2_ws/install/robot_arm_control:/home/user/workspace/ros2_ws/install/pros_car_py:/home/user/workspace/ros2_ws/install/my_py_pkg:/opt/ros/humble /usr/bin/cmake --install /home/user/workspace/udemy_robot/pratice_ws/build/robot_moveit
[0.284s] Level 1:colcon.colcon_core.environment:checking '/home/user/workspace/udemy_robot/pratice_ws/install/robot_moveit' for CMake config files
[0.284s] Level 1:colcon.colcon_core.shell:create_environment_hook('robot_moveit', 'cmake_prefix_path')
[0.285s] INFO:colcon.colcon_core.shell:Creating environment hook '/home/user/workspace/udemy_robot/pratice_ws/install/robot_moveit/share/robot_moveit/hook/cmake_prefix_path.ps1'
[0.285s] INFO:colcon.colcon_core.shell:Creating environment descriptor '/home/user/workspace/udemy_robot/pratice_ws/install/robot_moveit/share/robot_moveit/hook/cmake_prefix_path.dsv'
[0.285s] INFO:colcon.colcon_core.shell:Creating environment hook '/home/user/workspace/udemy_robot/pratice_ws/install/robot_moveit/share/robot_moveit/hook/cmake_prefix_path.sh'
[0.285s] Level 1:colcon.colcon_core.environment:checking '/home/user/workspace/udemy_robot/pratice_ws/install/robot_moveit/bin'
[0.285s] Level 1:colcon.colcon_core.environment:checking '/home/user/workspace/udemy_robot/pratice_ws/install/robot_moveit/lib/pkgconfig/robot_moveit.pc'
[0.286s] Level 1:colcon.colcon_core.environment:checking '/home/user/workspace/udemy_robot/pratice_ws/install/robot_moveit/lib/python3.10/site-packages'
[0.286s] Level 1:colcon.colcon_core.environment:checking '/home/user/workspace/udemy_robot/pratice_ws/install/robot_moveit/bin'
[0.286s] INFO:colcon.colcon_core.shell:Creating package script '/home/user/workspace/udemy_robot/pratice_ws/install/robot_moveit/share/robot_moveit/package.ps1'
[0.286s] INFO:colcon.colcon_core.shell:Creating package descriptor '/home/user/workspace/udemy_robot/pratice_ws/install/robot_moveit/share/robot_moveit/package.dsv'
[0.287s] INFO:colcon.colcon_core.shell:Creating package script '/home/user/workspace/udemy_robot/pratice_ws/install/robot_moveit/share/robot_moveit/package.sh'
[0.287s] INFO:colcon.colcon_core.shell:Creating package script '/home/user/workspace/udemy_robot/pratice_ws/install/robot_moveit/share/robot_moveit/package.bash'
[0.287s] INFO:colcon.colcon_core.shell:Creating package script '/home/user/workspace/udemy_robot/pratice_ws/install/robot_moveit/share/robot_moveit/package.zsh'
[0.287s] Level 1:colcon.colcon_core.environment:create_file_with_runtime_dependencies(/home/user/workspace/udemy_robot/pratice_ws/install/robot_moveit/share/colcon-core/packages/robot_moveit)
[0.295s] Level 1:colcon.colcon_core.environment:create_environment_scripts_only(myrobot_description)
[0.295s] Level 1:colcon.colcon_core.environment:checking '/home/user/workspace/udemy_robot/pratice_ws/install/myrobot_description' for CMake module files
[0.295s] Level 1:colcon.colcon_core.environment:checking '/home/user/workspace/udemy_robot/pratice_ws/install/myrobot_description' for CMake config files
[0.295s] Level 1:colcon.colcon_core.shell:create_environment_hook('myrobot_description', 'cmake_prefix_path')
[0.295s] INFO:colcon.colcon_core.shell:Creating environment hook '/home/user/workspace/udemy_robot/pratice_ws/install/myrobot_description/share/myrobot_description/hook/cmake_prefix_path.ps1'
[0.296s] INFO:colcon.colcon_core.shell:Creating environment descriptor '/home/user/workspace/udemy_robot/pratice_ws/install/myrobot_description/share/myrobot_description/hook/cmake_prefix_path.dsv'
[0.296s] INFO:colcon.colcon_core.shell:Creating environment hook '/home/user/workspace/udemy_robot/pratice_ws/install/myrobot_description/share/myrobot_description/hook/cmake_prefix_path.sh'
[0.296s] Level 1:colcon.colcon_core.environment:checking '/home/user/workspace/udemy_robot/pratice_ws/install/myrobot_description/bin'
[0.296s] Level 1:colcon.colcon_core.environment:checking '/home/user/workspace/udemy_robot/pratice_ws/install/myrobot_description/lib/pkgconfig/myrobot_description.pc'
[0.296s] Level 1:colcon.colcon_core.environment:checking '/home/user/workspace/udemy_robot/pratice_ws/install/myrobot_description/lib/python3.10/site-packages'
[0.297s] Level 1:colcon.colcon_core.environment:checking '/home/user/workspace/udemy_robot/pratice_ws/install/myrobot_description/bin'
[0.297s] INFO:colcon.colcon_core.shell:Creating package script '/home/user/workspace/udemy_robot/pratice_ws/install/myrobot_description/share/myrobot_description/package.ps1'
[0.297s] INFO:colcon.colcon_core.shell:Creating package descriptor '/home/user/workspace/udemy_robot/pratice_ws/install/myrobot_description/share/myrobot_description/package.dsv'
[0.297s] INFO:colcon.colcon_core.shell:Creating package script '/home/user/workspace/udemy_robot/pratice_ws/install/myrobot_description/share/myrobot_description/package.sh'
[0.297s] INFO:colcon.colcon_core.shell:Creating package script '/home/user/workspace/udemy_robot/pratice_ws/install/myrobot_description/share/myrobot_description/package.bash'
[0.298s] INFO:colcon.colcon_core.shell:Creating package script '/home/user/workspace/udemy_robot/pratice_ws/install/myrobot_description/share/myrobot_description/package.zsh'
[0.298s] Level 1:colcon.colcon_core.environment:create_file_with_runtime_dependencies(/home/user/workspace/udemy_robot/pratice_ws/install/myrobot_description/share/colcon-core/packages/myrobot_description)
[0.299s] Level 1:colcon.colcon_core.environment:create_environment_scripts_only(robot_moveit)
[0.299s] Level 1:colcon.colcon_core.environment:checking '/home/user/workspace/udemy_robot/pratice_ws/install/robot_moveit' for CMake module files
[0.300s] Level 1:colcon.colcon_core.environment:checking '/home/user/workspace/udemy_robot/pratice_ws/install/robot_moveit' for CMake config files
[0.300s] Level 1:colcon.colcon_core.shell:create_environment_hook('robot_moveit', 'cmake_prefix_path')
[0.300s] INFO:colcon.colcon_core.shell:Creating environment hook '/home/user/workspace/udemy_robot/pratice_ws/install/robot_moveit/share/robot_moveit/hook/cmake_prefix_path.ps1'
[0.300s] INFO:colcon.colcon_core.shell:Creating environment descriptor '/home/user/workspace/udemy_robot/pratice_ws/install/robot_moveit/share/robot_moveit/hook/cmake_prefix_path.dsv'
[0.300s] INFO:colcon.colcon_core.shell:Creating environment hook '/home/user/workspace/udemy_robot/pratice_ws/install/robot_moveit/share/robot_moveit/hook/cmake_prefix_path.sh'
[0.301s] Level 1:colcon.colcon_core.environment:checking '/home/user/workspace/udemy_robot/pratice_ws/install/robot_moveit/bin'
[0.301s] Level 1:colcon.colcon_core.environment:checking '/home/user/workspace/udemy_robot/pratice_ws/install/robot_moveit/lib/pkgconfig/robot_moveit.pc'
[0.301s] Level 1:colcon.colcon_core.environment:checking '/home/user/workspace/udemy_robot/pratice_ws/install/robot_moveit/lib/python3.10/site-packages'
[0.301s] Level 1:colcon.colcon_core.environment:checking '/home/user/workspace/udemy_robot/pratice_ws/install/robot_moveit/bin'
[0.301s] INFO:colcon.colcon_core.shell:Creating package script '/home/user/workspace/udemy_robot/pratice_ws/install/robot_moveit/share/robot_moveit/package.ps1'
[0.302s] INFO:colcon.colcon_core.shell:Creating package descriptor '/home/user/workspace/udemy_robot/pratice_ws/install/robot_moveit/share/robot_moveit/package.dsv'
[0.302s] INFO:colcon.colcon_core.shell:Creating package script '/home/user/workspace/udemy_robot/pratice_ws/install/robot_moveit/share/robot_moveit/package.sh'
[0.302s] INFO:colcon.colcon_core.shell:Creating package script '/home/user/workspace/udemy_robot/pratice_ws/install/robot_moveit/share/robot_moveit/package.bash'
[0.303s] INFO:colcon.colcon_core.shell:Creating package script '/home/user/workspace/udemy_robot/pratice_ws/install/robot_moveit/share/robot_moveit/package.zsh'
[0.303s] Level 1:colcon.colcon_core.environment:create_file_with_runtime_dependencies(/home/user/workspace/udemy_robot/pratice_ws/install/robot_moveit/share/colcon-core/packages/robot_moveit)
[0.303s] DEBUG:colcon.colcon_parallel_executor.executor.parallel:closing loop
[0.303s] DEBUG:colcon.colcon_parallel_executor.executor.parallel:loop closed
[0.303s] DEBUG:colcon.colcon_parallel_executor.executor.parallel:run_until_complete finished with '0'
[0.303s] DEBUG:colcon.colcon_core.event_reactor:joining thread
[0.349s] INFO:colcon.colcon_core.plugin_system:Skipping extension 'colcon_notification.desktop_notification.notify_send': Could not find 'notify-send'
[0.349s] INFO:colcon.colcon_core.plugin_system:Skipping extension 'colcon_notification.desktop_notification.terminal_notifier': Not used on non-Darwin systems
[0.349s] INFO:colcon.colcon_core.plugin_system:Skipping extension 'colcon_notification.desktop_notification.win32': Not used on non-Windows systems
[0.349s] INFO:colcon.colcon_notification.desktop_notification:Sending desktop notification using 'notify2'
[0.349s] DEBUG:colcon.colcon_notification.desktop_notification.notify2:Failed to initialize notify2: org.freedesktop.DBus.Error.FileNotFound: Failed to connect to socket /run/user/1000/bus: No such file or directory
[0.349s] DEBUG:colcon.colcon_core.event_reactor:joined thread
[0.350s] INFO:colcon.colcon_core.shell:Creating prefix script '/home/user/workspace/udemy_robot/pratice_ws/install/local_setup.ps1'
[0.350s] INFO:colcon.colcon_core.shell:Creating prefix util module '/home/user/workspace/udemy_robot/pratice_ws/install/_local_setup_util_ps1.py'
[0.351s] INFO:colcon.colcon_core.shell:Creating prefix chain script '/home/user/workspace/udemy_robot/pratice_ws/install/setup.ps1'
[0.352s] INFO:colcon.colcon_core.shell:Creating prefix script '/home/user/workspace/udemy_robot/pratice_ws/install/local_setup.sh'
[0.352s] INFO:colcon.colcon_core.shell:Creating prefix util module '/home/user/workspace/udemy_robot/pratice_ws/install/_local_setup_util_sh.py'
[0.352s] INFO:colcon.colcon_core.shell:Creating prefix chain script '/home/user/workspace/udemy_robot/pratice_ws/install/setup.sh'
[0.353s] INFO:colcon.colcon_core.shell:Creating prefix script '/home/user/workspace/udemy_robot/pratice_ws/install/local_setup.bash'
[0.353s] INFO:colcon.colcon_core.shell:Creating prefix chain script '/home/user/workspace/udemy_robot/pratice_ws/install/setup.bash'
[0.354s] INFO:colcon.colcon_core.shell:Creating prefix script '/home/user/workspace/udemy_robot/pratice_ws/install/local_setup.zsh'
[0.354s] INFO:colcon.colcon_core.shell:Creating prefix chain script '/home/user/workspace/udemy_robot/pratice_ws/install/setup.zsh'
