[0.012s] Invoking command in '/home/user/workspace/udemy_robot/pratice_ws/build/robot_moveit': CMAKE_PREFIX_PATH=/home/user/workspace/ros2_ws/install/robot_arm_control:/home/user/workspace/ros2_ws/install/pros_car_py:/home/user/workspace/ros2_ws/install/my_py_pkg:/opt/ros/humble /usr/bin/cmake /home/user/workspace/udemy_robot/pratice_ws/src/robot_moveit -DCMAKE_INSTALL_PREFIX=/home/user/workspace/udemy_robot/pratice_ws/install/robot_moveit
[0.243s] -- The C compiler identification is GNU 11.4.0
[0.701s] -- The CXX compiler identification is GNU 11.4.0
[1.064s] -- Detecting C compiler ABI info
[1.192s] -- Detecting C compiler ABI info - done
[1.197s] -- Check for working C compiler: /usr/bin/cc - skipped
[1.200s] -- Detecting C compile features
[1.200s] -- Detecting C compile features - done
[1.203s] -- Detecting CXX compiler ABI info
[1.355s] -- Detecting CXX compiler ABI info - done
[1.360s] -- Check for working CXX compiler: /usr/bin/c++ - skipped
[1.360s] -- Detecting CXX compile features
[1.360s] -- Detecting CXX compile features - done
[1.371s] -- Found ament_cmake: 1.3.9 (/opt/ros/humble/share/ament_cmake/cmake)
[1.594s] -- Found Python3: /usr/bin/python3 (found version "3.10.12") found components: Interpreter 
[1.702s] -- Found ament_lint_auto: 0.12.11 (/opt/ros/humble/share/ament_lint_auto/cmake)
[1.767s] -- Added test 'lint_cmake' to check CMake code style
[1.768s] -- Added test 'xmllint' to check XML markup files
[1.769s] -- Configuring done
[1.771s] -- Generating done
[1.771s] -- Build files have been written to: /home/user/workspace/udemy_robot/pratice_ws/build/robot_moveit
[1.774s] Invoked command in '/home/user/workspace/udemy_robot/pratice_ws/build/robot_moveit' returned '0': CMAKE_PREFIX_PATH=/home/user/workspace/ros2_ws/install/robot_arm_control:/home/user/workspace/ros2_ws/install/pros_car_py:/home/user/workspace/ros2_ws/install/my_py_pkg:/opt/ros/humble /usr/bin/cmake /home/user/workspace/udemy_robot/pratice_ws/src/robot_moveit -DCMAKE_INSTALL_PREFIX=/home/user/workspace/udemy_robot/pratice_ws/install/robot_moveit
[1.775s] Invoking command in '/home/user/workspace/udemy_robot/pratice_ws/build/robot_moveit': CMAKE_PREFIX_PATH=/home/user/workspace/ros2_ws/install/robot_arm_control:/home/user/workspace/ros2_ws/install/pros_car_py:/home/user/workspace/ros2_ws/install/my_py_pkg:/opt/ros/humble /usr/bin/cmake --build /home/user/workspace/udemy_robot/pratice_ws/build/robot_moveit -- -j16 -l16
[1.794s] Invoked command in '/home/user/workspace/udemy_robot/pratice_ws/build/robot_moveit' returned '0': CMAKE_PREFIX_PATH=/home/user/workspace/ros2_ws/install/robot_arm_control:/home/user/workspace/ros2_ws/install/pros_car_py:/home/user/workspace/ros2_ws/install/my_py_pkg:/opt/ros/humble /usr/bin/cmake --build /home/user/workspace/udemy_robot/pratice_ws/build/robot_moveit -- -j16 -l16
[1.807s] Invoking command in '/home/user/workspace/udemy_robot/pratice_ws/build/robot_moveit': CMAKE_PREFIX_PATH=/home/user/workspace/ros2_ws/install/robot_arm_control:/home/user/workspace/ros2_ws/install/pros_car_py:/home/user/workspace/ros2_ws/install/my_py_pkg:/opt/ros/humble /usr/bin/cmake --install /home/user/workspace/udemy_robot/pratice_ws/build/robot_moveit
[1.810s] -- Install configuration: ""
[1.811s] -- Installing: /home/user/workspace/udemy_robot/pratice_ws/install/robot_moveit/share/ament_index/resource_index/package_run_dependencies/robot_moveit
[1.811s] -- Installing: /home/user/workspace/udemy_robot/pratice_ws/install/robot_moveit/share/ament_index/resource_index/parent_prefix_path/robot_moveit
[1.811s] -- Installing: /home/user/workspace/udemy_robot/pratice_ws/install/robot_moveit/share/robot_moveit/environment/ament_prefix_path.sh
[1.811s] -- Installing: /home/user/workspace/udemy_robot/pratice_ws/install/robot_moveit/share/robot_moveit/environment/ament_prefix_path.dsv
[1.811s] -- Installing: /home/user/workspace/udemy_robot/pratice_ws/install/robot_moveit/share/robot_moveit/environment/path.sh
[1.811s] -- Installing: /home/user/workspace/udemy_robot/pratice_ws/install/robot_moveit/share/robot_moveit/environment/path.dsv
[1.811s] -- Installing: /home/user/workspace/udemy_robot/pratice_ws/install/robot_moveit/share/robot_moveit/local_setup.bash
[1.811s] -- Installing: /home/user/workspace/udemy_robot/pratice_ws/install/robot_moveit/share/robot_moveit/local_setup.sh
[1.811s] -- Installing: /home/user/workspace/udemy_robot/pratice_ws/install/robot_moveit/share/robot_moveit/local_setup.zsh
[1.811s] -- Installing: /home/user/workspace/udemy_robot/pratice_ws/install/robot_moveit/share/robot_moveit/local_setup.dsv
[1.812s] -- Installing: /home/user/workspace/udemy_robot/pratice_ws/install/robot_moveit/share/robot_moveit/package.dsv
[1.812s] -- Installing: /home/user/workspace/udemy_robot/pratice_ws/install/robot_moveit/share/ament_index/resource_index/packages/robot_moveit
[1.812s] -- Installing: /home/user/workspace/udemy_robot/pratice_ws/install/robot_moveit/share/robot_moveit/cmake/robot_moveitConfig.cmake
[1.812s] -- Installing: /home/user/workspace/udemy_robot/pratice_ws/install/robot_moveit/share/robot_moveit/cmake/robot_moveitConfig-version.cmake
[1.812s] -- Installing: /home/user/workspace/udemy_robot/pratice_ws/install/robot_moveit/share/robot_moveit/package.xml
[1.813s] Invoked command in '/home/user/workspace/udemy_robot/pratice_ws/build/robot_moveit' returned '0': CMAKE_PREFIX_PATH=/home/user/workspace/ros2_ws/install/robot_arm_control:/home/user/workspace/ros2_ws/install/pros_car_py:/home/user/workspace/ros2_ws/install/my_py_pkg:/opt/ros/humble /usr/bin/cmake --install /home/user/workspace/udemy_robot/pratice_ws/build/robot_moveit
