[0.009s] Invoking command in '/home/user/workspace/udemy_robot/pratice_ws/build/myrobot_description': CMAKE_PREFIX_PATH=/home/user/workspace/ros2_ws/install/robot_arm_control:/home/user/workspace/ros2_ws/install/pros_car_py:/home/user/workspace/ros2_ws/install/my_py_pkg:/opt/ros/humble /usr/bin/cmake /home/user/workspace/udemy_robot/pratice_ws/src/myrobot_description -DCMAKE_INSTALL_PREFIX=/home/user/workspace/udemy_robot/pratice_ws/install/myrobot_description
[0.239s] -- The C compiler identification is GNU 11.4.0
[0.683s] -- The CXX compiler identification is GNU 11.4.0
[1.035s] -- Detecting C compiler ABI info
[1.176s] -- Detecting C compiler ABI info - done
[1.180s] -- Check for working C compiler: /usr/bin/cc - skipped
[1.183s] -- Detecting C compile features
[1.184s] -- Detecting C compile features - done
[1.188s] -- Detecting CXX compiler ABI info
[1.338s] -- Detecting CXX compiler ABI info - done
[1.342s] -- Check for working CXX compiler: /usr/bin/c++ - skipped
[1.342s] -- Detecting CXX compile features
[1.342s] -- Detecting CXX compile features - done
[1.360s] -- Found ament_cmake: 1.3.9 (/opt/ros/humble/share/ament_cmake/cmake)
[1.576s] -- Found Python3: /usr/bin/python3 (found version "3.10.12") found components: Interpreter 
[1.657s] -- Found ament_lint_auto: 0.12.11 (/opt/ros/humble/share/ament_lint_auto/cmake)
[1.713s] -- Added test 'lint_cmake' to check CMake code style
[1.714s] -- Added test 'xmllint' to check XML markup files
[1.715s] -- Configuring done
[1.718s] -- Generating done
[1.719s] -- Build files have been written to: /home/user/workspace/udemy_robot/pratice_ws/build/myrobot_description
[1.721s] Invoked command in '/home/user/workspace/udemy_robot/pratice_ws/build/myrobot_description' returned '0': CMAKE_PREFIX_PATH=/home/user/workspace/ros2_ws/install/robot_arm_control:/home/user/workspace/ros2_ws/install/pros_car_py:/home/user/workspace/ros2_ws/install/my_py_pkg:/opt/ros/humble /usr/bin/cmake /home/user/workspace/udemy_robot/pratice_ws/src/myrobot_description -DCMAKE_INSTALL_PREFIX=/home/user/workspace/udemy_robot/pratice_ws/install/myrobot_description
[1.723s] Invoking command in '/home/user/workspace/udemy_robot/pratice_ws/build/myrobot_description': CMAKE_PREFIX_PATH=/home/user/workspace/ros2_ws/install/robot_arm_control:/home/user/workspace/ros2_ws/install/pros_car_py:/home/user/workspace/ros2_ws/install/my_py_pkg:/opt/ros/humble /usr/bin/cmake --build /home/user/workspace/udemy_robot/pratice_ws/build/myrobot_description -- -j16 -l16
[1.742s] Invoked command in '/home/user/workspace/udemy_robot/pratice_ws/build/myrobot_description' returned '0': CMAKE_PREFIX_PATH=/home/user/workspace/ros2_ws/install/robot_arm_control:/home/user/workspace/ros2_ws/install/pros_car_py:/home/user/workspace/ros2_ws/install/my_py_pkg:/opt/ros/humble /usr/bin/cmake --build /home/user/workspace/udemy_robot/pratice_ws/build/myrobot_description -- -j16 -l16
[1.757s] Invoking command in '/home/user/workspace/udemy_robot/pratice_ws/build/myrobot_description': CMAKE_PREFIX_PATH=/home/user/workspace/ros2_ws/install/robot_arm_control:/home/user/workspace/ros2_ws/install/pros_car_py:/home/user/workspace/ros2_ws/install/my_py_pkg:/opt/ros/humble /usr/bin/cmake --install /home/user/workspace/udemy_robot/pratice_ws/build/myrobot_description
[1.760s] -- Install configuration: ""
[1.761s] -- Installing: /home/user/workspace/udemy_robot/pratice_ws/install/myrobot_description/share/ament_index/resource_index/package_run_dependencies/myrobot_description
[1.761s] -- Installing: /home/user/workspace/udemy_robot/pratice_ws/install/myrobot_description/share/ament_index/resource_index/parent_prefix_path/myrobot_description
[1.761s] -- Installing: /home/user/workspace/udemy_robot/pratice_ws/install/myrobot_description/share/myrobot_description/environment/ament_prefix_path.sh
[1.761s] -- Installing: /home/user/workspace/udemy_robot/pratice_ws/install/myrobot_description/share/myrobot_description/environment/ament_prefix_path.dsv
[1.761s] -- Installing: /home/user/workspace/udemy_robot/pratice_ws/install/myrobot_description/share/myrobot_description/environment/path.sh
[1.761s] -- Installing: /home/user/workspace/udemy_robot/pratice_ws/install/myrobot_description/share/myrobot_description/environment/path.dsv
[1.761s] -- Installing: /home/user/workspace/udemy_robot/pratice_ws/install/myrobot_description/share/myrobot_description/local_setup.bash
[1.761s] -- Installing: /home/user/workspace/udemy_robot/pratice_ws/install/myrobot_description/share/myrobot_description/local_setup.sh
[1.762s] -- Installing: /home/user/workspace/udemy_robot/pratice_ws/install/myrobot_description/share/myrobot_description/local_setup.zsh
[1.762s] -- Installing: /home/user/workspace/udemy_robot/pratice_ws/install/myrobot_description/share/myrobot_description/local_setup.dsv
[1.762s] -- Installing: /home/user/workspace/udemy_robot/pratice_ws/install/myrobot_description/share/myrobot_description/package.dsv
[1.762s] -- Installing: /home/user/workspace/udemy_robot/pratice_ws/install/myrobot_description/share/ament_index/resource_index/packages/myrobot_description
[1.762s] -- Installing: /home/user/workspace/udemy_robot/pratice_ws/install/myrobot_description/share/myrobot_description/cmake/myrobot_descriptionConfig.cmake
[1.762s] -- Installing: /home/user/workspace/udemy_robot/pratice_ws/install/myrobot_description/share/myrobot_description/cmake/myrobot_descriptionConfig-version.cmake
[1.762s] -- Installing: /home/user/workspace/udemy_robot/pratice_ws/install/myrobot_description/share/myrobot_description/package.xml
[1.763s] Invoked command in '/home/user/workspace/udemy_robot/pratice_ws/build/myrobot_description' returned '0': CMAKE_PREFIX_PATH=/home/user/workspace/ros2_ws/install/robot_arm_control:/home/user/workspace/ros2_ws/install/pros_car_py:/home/user/workspace/ros2_ws/install/my_py_pkg:/opt/ros/humble /usr/bin/cmake --install /home/user/workspace/udemy_robot/pratice_ws/build/myrobot_description
