[0.201s] DEBUG:colcon:Command line arguments: ['/usr/bin/colcon', 'build']
[0.201s] DEBUG:colcon:Parsed command line arguments: Namespace(log_base=None, log_level=None, verb_name='build', build_base='build', install_base='install', merge_install=False, symlink_install=False, test_result_base=None, continue_on_error=False, executor='parallel', parallel_workers=16, event_handlers=None, ignore_user_meta=False, metas=['./colcon.meta'], base_paths=['.'], packages_ignore=None, packages_ignore_regex=None, paths=None, packages_up_to=None, packages_up_to_regex=None, packages_above=None, packages_above_and_dependencies=None, packages_above_depth=None, packages_select_by_dep=None, packages_skip_by_dep=None, packages_skip_up_to=None, packages_select_build_failed=False, packages_skip_build_finished=False, packages_select_test_failures=False, packages_skip_test_passed=False, packages_select=None, packages_skip=None, packages_select_regex=None, packages_skip_regex=None, packages_start=None, packages_end=None, allow_overriding=[], cmake_args=None, cmake_target=None, cmake_target_skip_unavailable=False, cmake_clean_cache=False, cmake_clean_first=False, cmake_force_configure=False, ament_cmake_args=None, catkin_cmake_args=None, catkin_skip_building_tests=False, mixin_files=None, mixin=None, verb_parser=<colcon_mixin.mixin.mixin_argument.MixinArgumentDecorator object at 0x7f18c3f00370>, verb_extension=<colcon_core.verb.build.BuildVerb object at 0x7f18c3ed3ca0>, main=<bound method BuildVerb.main of <colcon_core.verb.build.BuildVerb object at 0x7f18c3ed3ca0>>, mixin_verb=('build',))
[0.248s] Level 1:colcon.colcon_core.package_discovery:discover_packages(colcon_meta) check parameters
[0.248s] Level 1:colcon.colcon_core.package_discovery:discover_packages(recursive) check parameters
[0.248s] Level 1:colcon.colcon_core.package_discovery:discover_packages(ignore) check parameters
[0.248s] Level 1:colcon.colcon_core.package_discovery:discover_packages(path) check parameters
[0.248s] Level 1:colcon.colcon_core.package_discovery:discover_packages(colcon_meta) discover
[0.248s] Level 1:colcon.colcon_core.package_discovery:discover_packages(recursive) discover
[0.248s] INFO:colcon.colcon_core.package_discovery:Crawling recursively for packages in '/home/user/workspace/udemy_robot/pratice_ws'
[0.248s] Level 1:colcon.colcon_core.package_identification:_identify(.) by extensions ['ignore', 'ignore_ament_install']
[0.248s] Level 1:colcon.colcon_core.package_identification:_identify(.) by extension 'ignore'
[0.248s] Level 1:colcon.colcon_core.package_identification:_identify(.) by extension 'ignore_ament_install'
[0.248s] Level 1:colcon.colcon_core.package_identification:_identify(.) by extensions ['colcon_pkg']
[0.248s] Level 1:colcon.colcon_core.package_identification:_identify(.) by extension 'colcon_pkg'
[0.248s] Level 1:colcon.colcon_core.package_identification:_identify(.) by extensions ['colcon_meta']
[0.248s] Level 1:colcon.colcon_core.package_identification:_identify(.) by extension 'colcon_meta'
[0.248s] Level 1:colcon.colcon_core.package_identification:_identify(.) by extensions ['ros']
[0.248s] Level 1:colcon.colcon_core.package_identification:_identify(.) by extension 'ros'
[0.258s] Level 1:colcon.colcon_core.package_identification:_identify(.) by extensions ['cmake', 'python']
[0.258s] Level 1:colcon.colcon_core.package_identification:_identify(.) by extension 'cmake'
[0.259s] Level 1:colcon.colcon_core.package_identification:_identify(.) by extension 'python'
[0.259s] Level 1:colcon.colcon_core.package_identification:_identify(.) by extensions ['python_setup_py']
[0.259s] Level 1:colcon.colcon_core.package_identification:_identify(.) by extension 'python_setup_py'
[0.259s] Level 1:colcon.colcon_core.package_identification:_identify(build) by extensions ['ignore', 'ignore_ament_install']
[0.259s] Level 1:colcon.colcon_core.package_identification:_identify(build) by extension 'ignore'
[0.259s] Level 1:colcon.colcon_core.package_identification:_identify(build) ignored
[0.260s] Level 1:colcon.colcon_core.package_identification:_identify(install) by extensions ['ignore', 'ignore_ament_install']
[0.260s] Level 1:colcon.colcon_core.package_identification:_identify(install) by extension 'ignore'
[0.260s] Level 1:colcon.colcon_core.package_identification:_identify(install) ignored
[0.260s] Level 1:colcon.colcon_core.package_identification:_identify(log) by extensions ['ignore', 'ignore_ament_install']
[0.260s] Level 1:colcon.colcon_core.package_identification:_identify(log) by extension 'ignore'
[0.260s] Level 1:colcon.colcon_core.package_identification:_identify(log) ignored
[0.260s] Level 1:colcon.colcon_core.package_identification:_identify(src) by extensions ['ignore', 'ignore_ament_install']
[0.260s] Level 1:colcon.colcon_core.package_identification:_identify(src) by extension 'ignore'
[0.260s] Level 1:colcon.colcon_core.package_identification:_identify(src) by extension 'ignore_ament_install'
[0.260s] Level 1:colcon.colcon_core.package_identification:_identify(src) by extensions ['colcon_pkg']
[0.260s] Level 1:colcon.colcon_core.package_identification:_identify(src) by extension 'colcon_pkg'
[0.260s] Level 1:colcon.colcon_core.package_identification:_identify(src) by extensions ['colcon_meta']
[0.260s] Level 1:colcon.colcon_core.package_identification:_identify(src) by extension 'colcon_meta'
[0.260s] Level 1:colcon.colcon_core.package_identification:_identify(src) by extensions ['ros']
[0.260s] Level 1:colcon.colcon_core.package_identification:_identify(src) by extension 'ros'
[0.260s] Level 1:colcon.colcon_core.package_identification:_identify(src) by extensions ['cmake', 'python']
[0.260s] Level 1:colcon.colcon_core.package_identification:_identify(src) by extension 'cmake'
[0.260s] Level 1:colcon.colcon_core.package_identification:_identify(src) by extension 'python'
[0.260s] Level 1:colcon.colcon_core.package_identification:_identify(src) by extensions ['python_setup_py']
[0.260s] Level 1:colcon.colcon_core.package_identification:_identify(src) by extension 'python_setup_py'
[0.260s] Level 1:colcon.colcon_core.package_identification:_identify(src/myrobot_description) by extensions ['ignore', 'ignore_ament_install']
[0.260s] Level 1:colcon.colcon_core.package_identification:_identify(src/myrobot_description) by extension 'ignore'
[0.260s] Level 1:colcon.colcon_core.package_identification:_identify(src/myrobot_description) by extension 'ignore_ament_install'
[0.260s] Level 1:colcon.colcon_core.package_identification:_identify(src/myrobot_description) by extensions ['colcon_pkg']
[0.260s] Level 1:colcon.colcon_core.package_identification:_identify(src/myrobot_description) by extension 'colcon_pkg'
[0.261s] Level 1:colcon.colcon_core.package_identification:_identify(src/myrobot_description) by extensions ['colcon_meta']
[0.261s] Level 1:colcon.colcon_core.package_identification:_identify(src/myrobot_description) by extension 'colcon_meta'
[0.261s] Level 1:colcon.colcon_core.package_identification:_identify(src/myrobot_description) by extensions ['ros']
[0.261s] Level 1:colcon.colcon_core.package_identification:_identify(src/myrobot_description) by extension 'ros'
[0.263s] DEBUG:colcon.colcon_core.package_identification:Package 'src/myrobot_description' with type 'ros.ament_cmake' and name 'myrobot_description'
[0.263s] Level 1:colcon.colcon_core.package_identification:_identify(src/robot_moveit) by extensions ['ignore', 'ignore_ament_install']
[0.263s] Level 1:colcon.colcon_core.package_identification:_identify(src/robot_moveit) by extension 'ignore'
[0.263s] Level 1:colcon.colcon_core.package_identification:_identify(src/robot_moveit) by extension 'ignore_ament_install'
[0.263s] Level 1:colcon.colcon_core.package_identification:_identify(src/robot_moveit) by extensions ['colcon_pkg']
[0.263s] Level 1:colcon.colcon_core.package_identification:_identify(src/robot_moveit) by extension 'colcon_pkg'
[0.263s] Level 1:colcon.colcon_core.package_identification:_identify(src/robot_moveit) by extensions ['colcon_meta']
[0.263s] Level 1:colcon.colcon_core.package_identification:_identify(src/robot_moveit) by extension 'colcon_meta'
[0.263s] Level 1:colcon.colcon_core.package_identification:_identify(src/robot_moveit) by extensions ['ros']
[0.263s] Level 1:colcon.colcon_core.package_identification:_identify(src/robot_moveit) by extension 'ros'
[0.264s] DEBUG:colcon.colcon_core.package_identification:Package 'src/robot_moveit' with type 'ros.ament_cmake' and name 'robot_moveit'
[0.264s] Level 1:colcon.colcon_core.package_discovery:discover_packages(recursive) using defaults
[0.264s] Level 1:colcon.colcon_core.package_discovery:discover_packages(ignore) discover
[0.264s] Level 1:colcon.colcon_core.package_discovery:discover_packages(ignore) using defaults
[0.264s] Level 1:colcon.colcon_core.package_discovery:discover_packages(path) discover
[0.264s] Level 1:colcon.colcon_core.package_discovery:discover_packages(path) using defaults
[0.286s] Level 1:colcon.colcon_core.package_discovery:discover_packages(prefix_path) check parameters
[0.286s] Level 1:colcon.colcon_core.package_discovery:discover_packages(prefix_path) discover
[0.289s] DEBUG:colcon.colcon_installed_package_information.package_discovery:Found 3 installed packages in /home/user/workspace/ros2_ws/install
[0.291s] DEBUG:colcon.colcon_installed_package_information.package_discovery:Found 433 installed packages in /opt/ros/humble
[0.293s] Level 1:colcon.colcon_core.package_discovery:discover_packages(prefix_path) using defaults
[0.382s] Level 5:colcon.colcon_core.verb:set package 'myrobot_description' build argument 'cmake_args' from command line to 'None'
[0.382s] Level 5:colcon.colcon_core.verb:set package 'myrobot_description' build argument 'cmake_target' from command line to 'None'
[0.382s] Level 5:colcon.colcon_core.verb:set package 'myrobot_description' build argument 'cmake_target_skip_unavailable' from command line to 'False'
[0.382s] Level 5:colcon.colcon_core.verb:set package 'myrobot_description' build argument 'cmake_clean_cache' from command line to 'False'
[0.382s] Level 5:colcon.colcon_core.verb:set package 'myrobot_description' build argument 'cmake_clean_first' from command line to 'False'
[0.382s] Level 5:colcon.colcon_core.verb:set package 'myrobot_description' build argument 'cmake_force_configure' from command line to 'False'
[0.382s] Level 5:colcon.colcon_core.verb:set package 'myrobot_description' build argument 'ament_cmake_args' from command line to 'None'
[0.382s] Level 5:colcon.colcon_core.verb:set package 'myrobot_description' build argument 'catkin_cmake_args' from command line to 'None'
[0.382s] Level 5:colcon.colcon_core.verb:set package 'myrobot_description' build argument 'catkin_skip_building_tests' from command line to 'False'
[0.382s] DEBUG:colcon.colcon_core.verb:Building package 'myrobot_description' with the following arguments: {'ament_cmake_args': None, 'build_base': '/home/user/workspace/udemy_robot/pratice_ws/build/myrobot_description', 'catkin_cmake_args': None, 'catkin_skip_building_tests': False, 'cmake_args': None, 'cmake_clean_cache': False, 'cmake_clean_first': False, 'cmake_force_configure': False, 'cmake_target': None, 'cmake_target_skip_unavailable': False, 'install_base': '/home/user/workspace/udemy_robot/pratice_ws/install/myrobot_description', 'merge_install': False, 'path': '/home/user/workspace/udemy_robot/pratice_ws/src/myrobot_description', 'symlink_install': False, 'test_result_base': None}
[0.383s] Level 5:colcon.colcon_core.verb:set package 'robot_moveit' build argument 'cmake_args' from command line to 'None'
[0.383s] Level 5:colcon.colcon_core.verb:set package 'robot_moveit' build argument 'cmake_target' from command line to 'None'
[0.383s] Level 5:colcon.colcon_core.verb:set package 'robot_moveit' build argument 'cmake_target_skip_unavailable' from command line to 'False'
[0.383s] Level 5:colcon.colcon_core.verb:set package 'robot_moveit' build argument 'cmake_clean_cache' from command line to 'False'
[0.383s] Level 5:colcon.colcon_core.verb:set package 'robot_moveit' build argument 'cmake_clean_first' from command line to 'False'
[0.383s] Level 5:colcon.colcon_core.verb:set package 'robot_moveit' build argument 'cmake_force_configure' from command line to 'False'
[0.383s] Level 5:colcon.colcon_core.verb:set package 'robot_moveit' build argument 'ament_cmake_args' from command line to 'None'
[0.383s] Level 5:colcon.colcon_core.verb:set package 'robot_moveit' build argument 'catkin_cmake_args' from command line to 'None'
[0.383s] Level 5:colcon.colcon_core.verb:set package 'robot_moveit' build argument 'catkin_skip_building_tests' from command line to 'False'
[0.383s] DEBUG:colcon.colcon_core.verb:Building package 'robot_moveit' with the following arguments: {'ament_cmake_args': None, 'build_base': '/home/user/workspace/udemy_robot/pratice_ws/build/robot_moveit', 'catkin_cmake_args': None, 'catkin_skip_building_tests': False, 'cmake_args': None, 'cmake_clean_cache': False, 'cmake_clean_first': False, 'cmake_force_configure': False, 'cmake_target': None, 'cmake_target_skip_unavailable': False, 'install_base': '/home/user/workspace/udemy_robot/pratice_ws/install/robot_moveit', 'merge_install': False, 'path': '/home/user/workspace/udemy_robot/pratice_ws/src/robot_moveit', 'symlink_install': False, 'test_result_base': None}
[0.383s] INFO:colcon.colcon_core.executor:Executing jobs using 'parallel' executor
[0.384s] DEBUG:colcon.colcon_parallel_executor.executor.parallel:run_until_complete
[0.384s] INFO:colcon.colcon_ros.task.ament_cmake.build:Building ROS package in '/home/user/workspace/udemy_robot/pratice_ws/src/myrobot_description' with build type 'ament_cmake'
[0.385s] INFO:colcon.colcon_cmake.task.cmake.build:Building CMake package in '/home/user/workspace/udemy_robot/pratice_ws/src/myrobot_description'
[0.389s] INFO:colcon.colcon_core.plugin_system:Skipping extension 'colcon_core.shell.bat': Not used on non-Windows systems
[0.389s] INFO:colcon.colcon_core.shell:Skip shell extension 'powershell' for command environment: Not usable outside of PowerShell
[0.389s] DEBUG:colcon.colcon_core.shell:Skip shell extension 'dsv' for command environment
[0.392s] INFO:colcon.colcon_ros.task.ament_cmake.build:Building ROS package in '/home/user/workspace/udemy_robot/pratice_ws/src/robot_moveit' with build type 'ament_cmake'
[0.392s] INFO:colcon.colcon_cmake.task.cmake.build:Building CMake package in '/home/user/workspace/udemy_robot/pratice_ws/src/robot_moveit'
[0.393s] INFO:colcon.colcon_core.shell:Skip shell extension 'powershell' for command environment: Not usable outside of PowerShell
[0.393s] DEBUG:colcon.colcon_core.shell:Skip shell extension 'dsv' for command environment
[0.398s] DEBUG:colcon.colcon_core.event_handler.log_command:Invoking command in '/home/user/workspace/udemy_robot/pratice_ws/build/myrobot_description': CMAKE_PREFIX_PATH=/home/user/workspace/ros2_ws/install/robot_arm_control:/home/user/workspace/ros2_ws/install/pros_car_py:/home/user/workspace/ros2_ws/install/my_py_pkg:/opt/ros/humble /usr/bin/cmake --build /home/user/workspace/udemy_robot/pratice_ws/build/myrobot_description -- -j16 -l16
[0.405s] DEBUG:colcon.colcon_core.event_handler.log_command:Invoking command in '/home/user/workspace/udemy_robot/pratice_ws/build/robot_moveit': CMAKE_PREFIX_PATH=/home/user/workspace/ros2_ws/install/robot_arm_control:/home/user/workspace/ros2_ws/install/pros_car_py:/home/user/workspace/ros2_ws/install/my_py_pkg:/opt/ros/humble /usr/bin/cmake /home/user/workspace/udemy_robot/pratice_ws/src/robot_moveit -DCMAKE_INSTALL_PREFIX=/home/user/workspace/udemy_robot/pratice_ws/install/robot_moveit
[0.459s] DEBUG:colcon.colcon_core.event_handler.log_command:Invoked command in '/home/user/workspace/udemy_robot/pratice_ws/build/myrobot_description' returned '0': CMAKE_PREFIX_PATH=/home/user/workspace/ros2_ws/install/robot_arm_control:/home/user/workspace/ros2_ws/install/pros_car_py:/home/user/workspace/ros2_ws/install/my_py_pkg:/opt/ros/humble /usr/bin/cmake --build /home/user/workspace/udemy_robot/pratice_ws/build/myrobot_description -- -j16 -l16
[0.477s] DEBUG:colcon.colcon_core.event_handler.log_command:Invoking command in '/home/user/workspace/udemy_robot/pratice_ws/build/myrobot_description': CMAKE_PREFIX_PATH=/home/user/workspace/ros2_ws/install/robot_arm_control:/home/user/workspace/ros2_ws/install/pros_car_py:/home/user/workspace/ros2_ws/install/my_py_pkg:/opt/ros/humble /usr/bin/cmake --install /home/user/workspace/udemy_robot/pratice_ws/build/myrobot_description
[0.485s] Level 1:colcon.colcon_core.environment:create_environment_scripts_only(myrobot_description)
[0.485s] DEBUG:colcon.colcon_core.event_handler.log_command:Invoked command in '/home/user/workspace/udemy_robot/pratice_ws/build/myrobot_description' returned '0': CMAKE_PREFIX_PATH=/home/user/workspace/ros2_ws/install/robot_arm_control:/home/user/workspace/ros2_ws/install/pros_car_py:/home/user/workspace/ros2_ws/install/my_py_pkg:/opt/ros/humble /usr/bin/cmake --install /home/user/workspace/udemy_robot/pratice_ws/build/myrobot_description
[0.490s] Level 1:colcon.colcon_core.environment:checking '/home/user/workspace/udemy_robot/pratice_ws/install/myrobot_description' for CMake module files
[0.491s] Level 1:colcon.colcon_core.environment:checking '/home/user/workspace/udemy_robot/pratice_ws/install/myrobot_description' for CMake config files
[0.492s] Level 1:colcon.colcon_core.shell:create_environment_hook('myrobot_description', 'cmake_prefix_path')
[0.492s] INFO:colcon.colcon_core.shell:Creating environment hook '/home/user/workspace/udemy_robot/pratice_ws/install/myrobot_description/share/myrobot_description/hook/cmake_prefix_path.ps1'
[0.494s] INFO:colcon.colcon_core.shell:Creating environment descriptor '/home/user/workspace/udemy_robot/pratice_ws/install/myrobot_description/share/myrobot_description/hook/cmake_prefix_path.dsv'
[0.494s] INFO:colcon.colcon_core.shell:Creating environment hook '/home/user/workspace/udemy_robot/pratice_ws/install/myrobot_description/share/myrobot_description/hook/cmake_prefix_path.sh'
[0.495s] Level 1:colcon.colcon_core.environment:checking '/home/user/workspace/udemy_robot/pratice_ws/install/myrobot_description/bin'
[0.495s] Level 1:colcon.colcon_core.environment:checking '/home/user/workspace/udemy_robot/pratice_ws/install/myrobot_description/lib/pkgconfig/myrobot_description.pc'
[0.496s] Level 1:colcon.colcon_core.environment:checking '/home/user/workspace/udemy_robot/pratice_ws/install/myrobot_description/lib/python3.10/site-packages'
[0.496s] Level 1:colcon.colcon_core.environment:checking '/home/user/workspace/udemy_robot/pratice_ws/install/myrobot_description/bin'
[0.496s] INFO:colcon.colcon_core.shell:Creating package script '/home/user/workspace/udemy_robot/pratice_ws/install/myrobot_description/share/myrobot_description/package.ps1'
[0.496s] INFO:colcon.colcon_core.shell:Creating package descriptor '/home/user/workspace/udemy_robot/pratice_ws/install/myrobot_description/share/myrobot_description/package.dsv'
[0.497s] INFO:colcon.colcon_core.shell:Creating package script '/home/user/workspace/udemy_robot/pratice_ws/install/myrobot_description/share/myrobot_description/package.sh'
[0.498s] INFO:colcon.colcon_core.shell:Creating package script '/home/user/workspace/udemy_robot/pratice_ws/install/myrobot_description/share/myrobot_description/package.bash'
[0.499s] INFO:colcon.colcon_core.shell:Creating package script '/home/user/workspace/udemy_robot/pratice_ws/install/myrobot_description/share/myrobot_description/package.zsh'
[0.499s] Level 1:colcon.colcon_core.environment:create_file_with_runtime_dependencies(/home/user/workspace/udemy_robot/pratice_ws/install/myrobot_description/share/colcon-core/packages/myrobot_description)
[0.511s] Level 1:colcon.colcon_core.environment:create_environment_scripts_only(myrobot_description)
[0.512s] Level 1:colcon.colcon_core.environment:checking '/home/user/workspace/udemy_robot/pratice_ws/install/myrobot_description' for CMake module files
[0.512s] Level 1:colcon.colcon_core.environment:checking '/home/user/workspace/udemy_robot/pratice_ws/install/myrobot_description' for CMake config files
[0.512s] Level 1:colcon.colcon_core.shell:create_environment_hook('myrobot_description', 'cmake_prefix_path')
[0.512s] INFO:colcon.colcon_core.shell:Creating environment hook '/home/user/workspace/udemy_robot/pratice_ws/install/myrobot_description/share/myrobot_description/hook/cmake_prefix_path.ps1'
[0.512s] INFO:colcon.colcon_core.shell:Creating environment descriptor '/home/user/workspace/udemy_robot/pratice_ws/install/myrobot_description/share/myrobot_description/hook/cmake_prefix_path.dsv'
[0.513s] INFO:colcon.colcon_core.shell:Creating environment hook '/home/user/workspace/udemy_robot/pratice_ws/install/myrobot_description/share/myrobot_description/hook/cmake_prefix_path.sh'
[0.513s] Level 1:colcon.colcon_core.environment:checking '/home/user/workspace/udemy_robot/pratice_ws/install/myrobot_description/bin'
[0.513s] Level 1:colcon.colcon_core.environment:checking '/home/user/workspace/udemy_robot/pratice_ws/install/myrobot_description/lib/pkgconfig/myrobot_description.pc'
[0.513s] Level 1:colcon.colcon_core.environment:checking '/home/user/workspace/udemy_robot/pratice_ws/install/myrobot_description/lib/python3.10/site-packages'
[0.513s] Level 1:colcon.colcon_core.environment:checking '/home/user/workspace/udemy_robot/pratice_ws/install/myrobot_description/bin'
[0.513s] INFO:colcon.colcon_core.shell:Creating package script '/home/user/workspace/udemy_robot/pratice_ws/install/myrobot_description/share/myrobot_description/package.ps1'
[0.514s] INFO:colcon.colcon_core.shell:Creating package descriptor '/home/user/workspace/udemy_robot/pratice_ws/install/myrobot_description/share/myrobot_description/package.dsv'
[0.514s] INFO:colcon.colcon_core.shell:Creating package script '/home/user/workspace/udemy_robot/pratice_ws/install/myrobot_description/share/myrobot_description/package.sh'
[0.514s] INFO:colcon.colcon_core.shell:Creating package script '/home/user/workspace/udemy_robot/pratice_ws/install/myrobot_description/share/myrobot_description/package.bash'
[0.514s] INFO:colcon.colcon_core.shell:Creating package script '/home/user/workspace/udemy_robot/pratice_ws/install/myrobot_description/share/myrobot_description/package.zsh'
[0.514s] Level 1:colcon.colcon_core.environment:create_file_with_runtime_dependencies(/home/user/workspace/udemy_robot/pratice_ws/install/myrobot_description/share/colcon-core/packages/myrobot_description)
[2.167s] DEBUG:colcon.colcon_core.event_handler.log_command:Invoked command in '/home/user/workspace/udemy_robot/pratice_ws/build/robot_moveit' returned '0': CMAKE_PREFIX_PATH=/home/user/workspace/ros2_ws/install/robot_arm_control:/home/user/workspace/ros2_ws/install/pros_car_py:/home/user/workspace/ros2_ws/install/my_py_pkg:/opt/ros/humble /usr/bin/cmake /home/user/workspace/udemy_robot/pratice_ws/src/robot_moveit -DCMAKE_INSTALL_PREFIX=/home/user/workspace/udemy_robot/pratice_ws/install/robot_moveit
[2.168s] DEBUG:colcon.colcon_core.event_handler.log_command:Invoking command in '/home/user/workspace/udemy_robot/pratice_ws/build/robot_moveit': CMAKE_PREFIX_PATH=/home/user/workspace/ros2_ws/install/robot_arm_control:/home/user/workspace/ros2_ws/install/pros_car_py:/home/user/workspace/ros2_ws/install/my_py_pkg:/opt/ros/humble /usr/bin/cmake --build /home/user/workspace/udemy_robot/pratice_ws/build/robot_moveit -- -j16 -l16
[2.187s] DEBUG:colcon.colcon_core.event_handler.log_command:Invoked command in '/home/user/workspace/udemy_robot/pratice_ws/build/robot_moveit' returned '0': CMAKE_PREFIX_PATH=/home/user/workspace/ros2_ws/install/robot_arm_control:/home/user/workspace/ros2_ws/install/pros_car_py:/home/user/workspace/ros2_ws/install/my_py_pkg:/opt/ros/humble /usr/bin/cmake --build /home/user/workspace/udemy_robot/pratice_ws/build/robot_moveit -- -j16 -l16
[2.200s] DEBUG:colcon.colcon_core.event_handler.log_command:Invoking command in '/home/user/workspace/udemy_robot/pratice_ws/build/robot_moveit': CMAKE_PREFIX_PATH=/home/user/workspace/ros2_ws/install/robot_arm_control:/home/user/workspace/ros2_ws/install/pros_car_py:/home/user/workspace/ros2_ws/install/my_py_pkg:/opt/ros/humble /usr/bin/cmake --install /home/user/workspace/udemy_robot/pratice_ws/build/robot_moveit
[2.206s] Level 1:colcon.colcon_core.environment:create_environment_scripts_only(robot_moveit)
[2.206s] Level 1:colcon.colcon_core.environment:checking '/home/user/workspace/udemy_robot/pratice_ws/install/robot_moveit' for CMake module files
[2.206s] DEBUG:colcon.colcon_core.event_handler.log_command:Invoked command in '/home/user/workspace/udemy_robot/pratice_ws/build/robot_moveit' returned '0': CMAKE_PREFIX_PATH=/home/user/workspace/ros2_ws/install/robot_arm_control:/home/user/workspace/ros2_ws/install/pros_car_py:/home/user/workspace/ros2_ws/install/my_py_pkg:/opt/ros/humble /usr/bin/cmake --install /home/user/workspace/udemy_robot/pratice_ws/build/robot_moveit
[2.206s] Level 1:colcon.colcon_core.environment:checking '/home/user/workspace/udemy_robot/pratice_ws/install/robot_moveit' for CMake config files
[2.206s] Level 1:colcon.colcon_core.shell:create_environment_hook('robot_moveit', 'cmake_prefix_path')
[2.207s] INFO:colcon.colcon_core.shell:Creating environment hook '/home/user/workspace/udemy_robot/pratice_ws/install/robot_moveit/share/robot_moveit/hook/cmake_prefix_path.ps1'
[2.207s] INFO:colcon.colcon_core.shell:Creating environment descriptor '/home/user/workspace/udemy_robot/pratice_ws/install/robot_moveit/share/robot_moveit/hook/cmake_prefix_path.dsv'
[2.207s] INFO:colcon.colcon_core.shell:Creating environment hook '/home/user/workspace/udemy_robot/pratice_ws/install/robot_moveit/share/robot_moveit/hook/cmake_prefix_path.sh'
[2.208s] Level 1:colcon.colcon_core.environment:checking '/home/user/workspace/udemy_robot/pratice_ws/install/robot_moveit/bin'
[2.208s] Level 1:colcon.colcon_core.environment:checking '/home/user/workspace/udemy_robot/pratice_ws/install/robot_moveit/lib/pkgconfig/robot_moveit.pc'
[2.208s] Level 1:colcon.colcon_core.environment:checking '/home/user/workspace/udemy_robot/pratice_ws/install/robot_moveit/lib/python3.10/site-packages'
[2.208s] Level 1:colcon.colcon_core.environment:checking '/home/user/workspace/udemy_robot/pratice_ws/install/robot_moveit/bin'
[2.208s] INFO:colcon.colcon_core.shell:Creating package script '/home/user/workspace/udemy_robot/pratice_ws/install/robot_moveit/share/robot_moveit/package.ps1'
[2.209s] INFO:colcon.colcon_core.shell:Creating package descriptor '/home/user/workspace/udemy_robot/pratice_ws/install/robot_moveit/share/robot_moveit/package.dsv'
[2.209s] INFO:colcon.colcon_core.shell:Creating package script '/home/user/workspace/udemy_robot/pratice_ws/install/robot_moveit/share/robot_moveit/package.sh'
[2.209s] INFO:colcon.colcon_core.shell:Creating package script '/home/user/workspace/udemy_robot/pratice_ws/install/robot_moveit/share/robot_moveit/package.bash'
[2.209s] INFO:colcon.colcon_core.shell:Creating package script '/home/user/workspace/udemy_robot/pratice_ws/install/robot_moveit/share/robot_moveit/package.zsh'
[2.209s] Level 1:colcon.colcon_core.environment:create_file_with_runtime_dependencies(/home/user/workspace/udemy_robot/pratice_ws/install/robot_moveit/share/colcon-core/packages/robot_moveit)
[2.221s] Level 1:colcon.colcon_core.environment:create_environment_scripts_only(robot_moveit)
[2.221s] Level 1:colcon.colcon_core.environment:checking '/home/user/workspace/udemy_robot/pratice_ws/install/robot_moveit' for CMake module files
[2.221s] Level 1:colcon.colcon_core.environment:checking '/home/user/workspace/udemy_robot/pratice_ws/install/robot_moveit' for CMake config files
[2.221s] Level 1:colcon.colcon_core.shell:create_environment_hook('robot_moveit', 'cmake_prefix_path')
[2.222s] INFO:colcon.colcon_core.shell:Creating environment hook '/home/user/workspace/udemy_robot/pratice_ws/install/robot_moveit/share/robot_moveit/hook/cmake_prefix_path.ps1'
[2.222s] INFO:colcon.colcon_core.shell:Creating environment descriptor '/home/user/workspace/udemy_robot/pratice_ws/install/robot_moveit/share/robot_moveit/hook/cmake_prefix_path.dsv'
[2.222s] INFO:colcon.colcon_core.shell:Creating environment hook '/home/user/workspace/udemy_robot/pratice_ws/install/robot_moveit/share/robot_moveit/hook/cmake_prefix_path.sh'
[2.222s] Level 1:colcon.colcon_core.environment:checking '/home/user/workspace/udemy_robot/pratice_ws/install/robot_moveit/bin'
[2.222s] Level 1:colcon.colcon_core.environment:checking '/home/user/workspace/udemy_robot/pratice_ws/install/robot_moveit/lib/pkgconfig/robot_moveit.pc'
[2.223s] Level 1:colcon.colcon_core.environment:checking '/home/user/workspace/udemy_robot/pratice_ws/install/robot_moveit/lib/python3.10/site-packages'
[2.223s] Level 1:colcon.colcon_core.environment:checking '/home/user/workspace/udemy_robot/pratice_ws/install/robot_moveit/bin'
[2.223s] INFO:colcon.colcon_core.shell:Creating package script '/home/user/workspace/udemy_robot/pratice_ws/install/robot_moveit/share/robot_moveit/package.ps1'
[2.223s] INFO:colcon.colcon_core.shell:Creating package descriptor '/home/user/workspace/udemy_robot/pratice_ws/install/robot_moveit/share/robot_moveit/package.dsv'
[2.223s] INFO:colcon.colcon_core.shell:Creating package script '/home/user/workspace/udemy_robot/pratice_ws/install/robot_moveit/share/robot_moveit/package.sh'
[2.224s] INFO:colcon.colcon_core.shell:Creating package script '/home/user/workspace/udemy_robot/pratice_ws/install/robot_moveit/share/robot_moveit/package.bash'
[2.224s] INFO:colcon.colcon_core.shell:Creating package script '/home/user/workspace/udemy_robot/pratice_ws/install/robot_moveit/share/robot_moveit/package.zsh'
[2.224s] Level 1:colcon.colcon_core.environment:create_file_with_runtime_dependencies(/home/user/workspace/udemy_robot/pratice_ws/install/robot_moveit/share/colcon-core/packages/robot_moveit)
[2.224s] DEBUG:colcon.colcon_parallel_executor.executor.parallel:closing loop
[2.225s] DEBUG:colcon.colcon_parallel_executor.executor.parallel:loop closed
[2.225s] DEBUG:colcon.colcon_parallel_executor.executor.parallel:run_until_complete finished with '0'
[2.225s] DEBUG:colcon.colcon_core.event_reactor:joining thread
[2.278s] INFO:colcon.colcon_core.plugin_system:Skipping extension 'colcon_notification.desktop_notification.notify_send': Could not find 'notify-send'
[2.278s] INFO:colcon.colcon_core.plugin_system:Skipping extension 'colcon_notification.desktop_notification.terminal_notifier': Not used on non-Darwin systems
[2.278s] INFO:colcon.colcon_core.plugin_system:Skipping extension 'colcon_notification.desktop_notification.win32': Not used on non-Windows systems
[2.278s] INFO:colcon.colcon_notification.desktop_notification:Sending desktop notification using 'notify2'
[2.278s] DEBUG:colcon.colcon_notification.desktop_notification.notify2:Failed to initialize notify2: org.freedesktop.DBus.Error.FileNotFound: Failed to connect to socket /run/user/1000/bus: No such file or directory
[2.278s] DEBUG:colcon.colcon_core.event_reactor:joined thread
[2.278s] INFO:colcon.colcon_core.shell:Creating prefix script '/home/user/workspace/udemy_robot/pratice_ws/install/local_setup.ps1'
[2.279s] INFO:colcon.colcon_core.shell:Creating prefix util module '/home/user/workspace/udemy_robot/pratice_ws/install/_local_setup_util_ps1.py'
[2.280s] INFO:colcon.colcon_core.shell:Creating prefix chain script '/home/user/workspace/udemy_robot/pratice_ws/install/setup.ps1'
[2.281s] INFO:colcon.colcon_core.shell:Creating prefix script '/home/user/workspace/udemy_robot/pratice_ws/install/local_setup.sh'
[2.282s] INFO:colcon.colcon_core.shell:Creating prefix util module '/home/user/workspace/udemy_robot/pratice_ws/install/_local_setup_util_sh.py'
[2.283s] INFO:colcon.colcon_core.shell:Creating prefix chain script '/home/user/workspace/udemy_robot/pratice_ws/install/setup.sh'
[2.284s] INFO:colcon.colcon_core.shell:Creating prefix script '/home/user/workspace/udemy_robot/pratice_ws/install/local_setup.bash'
[2.284s] INFO:colcon.colcon_core.shell:Creating prefix chain script '/home/user/workspace/udemy_robot/pratice_ws/install/setup.bash'
[2.285s] INFO:colcon.colcon_core.shell:Creating prefix script '/home/user/workspace/udemy_robot/pratice_ws/install/local_setup.zsh'
[2.287s] INFO:colcon.colcon_core.shell:Creating prefix chain script '/home/user/workspace/udemy_robot/pratice_ws/install/setup.zsh'
