[0.011s] Invoking command in '/home/user/workspace/udemy_robot/pratice_ws/build/myrobot_description': CMAKE_PREFIX_PATH=/home/user/workspace/ros2_ws/install/robot_arm_control:/home/user/workspace/ros2_ws/install/pros_car_py:/home/user/workspace/ros2_ws/install/my_py_pkg:/opt/ros/humble /usr/bin/cmake --build /home/user/workspace/udemy_robot/pratice_ws/build/myrobot_description -- -j16 -l16
[0.038s] -- Found ament_cmake: 1.3.9 (/opt/ros/humble/share/ament_cmake/cmake)
[0.157s] -- Found ament_lint_auto: 0.12.11 (/opt/ros/humble/share/ament_lint_auto/cmake)
[0.214s] -- Added test 'lint_cmake' to check CMake code style
[0.215s] -- Added test 'xmllint' to check XML markup files
[0.217s] -- Configuring done
[0.222s] -- Generating done
[0.223s] -- Build files have been written to: /home/user/workspace/udemy_robot/pratice_ws/build/myrobot_description
[0.234s] Invoked command in '/home/user/workspace/udemy_robot/pratice_ws/build/myrobot_description' returned '0': CMAKE_PREFIX_PATH=/home/user/workspace/ros2_ws/install/robot_arm_control:/home/user/workspace/ros2_ws/install/pros_car_py:/home/user/workspace/ros2_ws/install/my_py_pkg:/opt/ros/humble /usr/bin/cmake --build /home/user/workspace/udemy_robot/pratice_ws/build/myrobot_description -- -j16 -l16
[0.250s] Invoking command in '/home/user/workspace/udemy_robot/pratice_ws/build/myrobot_description': CMAKE_PREFIX_PATH=/home/user/workspace/ros2_ws/install/robot_arm_control:/home/user/workspace/ros2_ws/install/pros_car_py:/home/user/workspace/ros2_ws/install/my_py_pkg:/opt/ros/humble /usr/bin/cmake --install /home/user/workspace/udemy_robot/pratice_ws/build/myrobot_description
[0.254s] -- Install configuration: ""
[0.254s] -- Installing: /home/user/workspace/udemy_robot/pratice_ws/install/myrobot_description/share/myrobot_description/meshes
[0.254s] -- Installing: /home/user/workspace/udemy_robot/pratice_ws/install/myrobot_description/share/myrobot_description/meshes/link_3_1.stl
[0.254s] -- Installing: /home/user/workspace/udemy_robot/pratice_ws/install/myrobot_description/share/myrobot_description/meshes/base_link.stl
[0.255s] -- Installing: /home/user/workspace/udemy_robot/pratice_ws/install/myrobot_description/share/myrobot_description/meshes/link_2_1.stl
[0.255s] -- Installing: /home/user/workspace/udemy_robot/pratice_ws/install/myrobot_description/share/myrobot_description/meshes/link_1_1.stl
[0.255s] -- Installing: /home/user/workspace/udemy_robot/pratice_ws/install/myrobot_description/share/myrobot_description/urdf
[0.255s] -- Installing: /home/user/workspace/udemy_robot/pratice_ws/install/myrobot_description/share/myrobot_description/urdf/combine_ver2.trans
[0.255s] -- Installing: /home/user/workspace/udemy_robot/pratice_ws/install/myrobot_description/share/myrobot_description/urdf/combine_ver2.xacro
[0.256s] -- Installing: /home/user/workspace/udemy_robot/pratice_ws/install/myrobot_description/share/myrobot_description/urdf/combine_ver2.gazebo
[0.256s] -- Installing: /home/user/workspace/udemy_robot/pratice_ws/install/myrobot_description/share/myrobot_description/urdf/materials.xacro
[0.256s] -- Up-to-date: /home/user/workspace/udemy_robot/pratice_ws/install/myrobot_description/share/ament_index/resource_index/package_run_dependencies/myrobot_description
[0.256s] -- Up-to-date: /home/user/workspace/udemy_robot/pratice_ws/install/myrobot_description/share/ament_index/resource_index/parent_prefix_path/myrobot_description
[0.256s] -- Up-to-date: /home/user/workspace/udemy_robot/pratice_ws/install/myrobot_description/share/myrobot_description/environment/ament_prefix_path.sh
[0.256s] -- Installing: /home/user/workspace/udemy_robot/pratice_ws/install/myrobot_description/share/myrobot_description/environment/ament_prefix_path.dsv
[0.256s] -- Up-to-date: /home/user/workspace/udemy_robot/pratice_ws/install/myrobot_description/share/myrobot_description/environment/path.sh
[0.256s] -- Installing: /home/user/workspace/udemy_robot/pratice_ws/install/myrobot_description/share/myrobot_description/environment/path.dsv
[0.256s] -- Up-to-date: /home/user/workspace/udemy_robot/pratice_ws/install/myrobot_description/share/myrobot_description/local_setup.bash
[0.256s] -- Up-to-date: /home/user/workspace/udemy_robot/pratice_ws/install/myrobot_description/share/myrobot_description/local_setup.sh
[0.256s] -- Up-to-date: /home/user/workspace/udemy_robot/pratice_ws/install/myrobot_description/share/myrobot_description/local_setup.zsh
[0.257s] -- Installing: /home/user/workspace/udemy_robot/pratice_ws/install/myrobot_description/share/myrobot_description/local_setup.dsv
[0.257s] -- Installing: /home/user/workspace/udemy_robot/pratice_ws/install/myrobot_description/share/myrobot_description/package.dsv
[0.257s] -- Up-to-date: /home/user/workspace/udemy_robot/pratice_ws/install/myrobot_description/share/ament_index/resource_index/packages/myrobot_description
[0.257s] -- Up-to-date: /home/user/workspace/udemy_robot/pratice_ws/install/myrobot_description/share/myrobot_description/cmake/myrobot_descriptionConfig.cmake
[0.257s] -- Up-to-date: /home/user/workspace/udemy_robot/pratice_ws/install/myrobot_description/share/myrobot_description/cmake/myrobot_descriptionConfig-version.cmake
[0.257s] -- Up-to-date: /home/user/workspace/udemy_robot/pratice_ws/install/myrobot_description/share/myrobot_description/package.xml
[0.258s] Invoked command in '/home/user/workspace/udemy_robot/pratice_ws/build/myrobot_description' returned '0': CMAKE_PREFIX_PATH=/home/user/workspace/ros2_ws/install/robot_arm_control:/home/user/workspace/ros2_ws/install/pros_car_py:/home/user/workspace/ros2_ws/install/my_py_pkg:/opt/ros/humble /usr/bin/cmake --install /home/user/workspace/udemy_robot/pratice_ws/build/myrobot_description
