[0.011s] Invoking command in '/home/user/workspace/udemy_robot/pratice_ws/build/robot_moveit': CMAKE_PREFIX_PATH=${CMAKE_PREFIX_PATH}:/home/user/workspace/ros2_ws/install/robot_arm_control:/home/user/workspace/ros2_ws/install/pros_car_py:/home/user/workspace/ros2_ws/install/my_py_pkg:/opt/ros/humble /usr/bin/cmake --build /home/user/workspace/udemy_robot/pratice_ws/build/robot_moveit -- -j16 -l16
[0.032s] -- Found ament_cmake: 1.3.9 (/opt/ros/humble/share/ament_cmake/cmake)
[0.139s] -- Found ament_lint_auto: 0.12.11 (/opt/ros/humble/share/ament_lint_auto/cmake)
[0.191s] -- Added test 'flake8' to check Python code syntax and style conventions
[0.192s] -- Added test 'lint_cmake' to check CMake code style
[0.192s] -- Added test 'pep257' to check Python code against some of the docstring style conventions in PEP 257
[0.194s] -- Added test 'xmllint' to check XML markup files
[0.195s] -- Configuring done
[0.198s] -- Generating done
[0.199s] -- Build files have been written to: /home/user/workspace/udemy_robot/pratice_ws/build/robot_moveit
[0.210s] Invoked command in '/home/user/workspace/udemy_robot/pratice_ws/build/robot_moveit' returned '0': CMAKE_PREFIX_PATH=${CMAKE_PREFIX_PATH}:/home/user/workspace/ros2_ws/install/robot_arm_control:/home/user/workspace/ros2_ws/install/pros_car_py:/home/user/workspace/ros2_ws/install/my_py_pkg:/opt/ros/humble /usr/bin/cmake --build /home/user/workspace/udemy_robot/pratice_ws/build/robot_moveit -- -j16 -l16
[0.221s] Invoking command in '/home/user/workspace/udemy_robot/pratice_ws/build/robot_moveit': CMAKE_PREFIX_PATH=${CMAKE_PREFIX_PATH}:/home/user/workspace/ros2_ws/install/robot_arm_control:/home/user/workspace/ros2_ws/install/pros_car_py:/home/user/workspace/ros2_ws/install/my_py_pkg:/opt/ros/humble /usr/bin/cmake --install /home/user/workspace/udemy_robot/pratice_ws/build/robot_moveit
[0.224s] -- Install configuration: ""
[0.224s] -- Installing: /home/user/workspace/udemy_robot/pratice_ws/install/robot_moveit/share/robot_moveit/launch
[0.224s] -- Installing: /home/user/workspace/udemy_robot/pratice_ws/install/robot_moveit/share/robot_moveit/launch/moveit.launch.py
[0.224s] -- Installing: /home/user/workspace/udemy_robot/pratice_ws/install/robot_moveit/share/robot_moveit/config
[0.224s] -- Installing: /home/user/workspace/udemy_robot/pratice_ws/install/robot_moveit/share/robot_moveit/config/myrobot.srdf
[0.225s] -- Installing: /home/user/workspace/udemy_robot/pratice_ws/install/robot_moveit/share/robot_moveit/config/moveit_controllers.yaml
[0.225s] -- Up-to-date: /home/user/workspace/udemy_robot/pratice_ws/install/robot_moveit/share/ament_index/resource_index/package_run_dependencies/robot_moveit
[0.225s] -- Installing: /home/user/workspace/udemy_robot/pratice_ws/install/robot_moveit/share/ament_index/resource_index/parent_prefix_path/robot_moveit
[0.225s] -- Up-to-date: /home/user/workspace/udemy_robot/pratice_ws/install/robot_moveit/share/robot_moveit/environment/ament_prefix_path.sh
[0.225s] -- Installing: /home/user/workspace/udemy_robot/pratice_ws/install/robot_moveit/share/robot_moveit/environment/ament_prefix_path.dsv
[0.225s] -- Up-to-date: /home/user/workspace/udemy_robot/pratice_ws/install/robot_moveit/share/robot_moveit/environment/path.sh
[0.225s] -- Installing: /home/user/workspace/udemy_robot/pratice_ws/install/robot_moveit/share/robot_moveit/environment/path.dsv
[0.225s] -- Up-to-date: /home/user/workspace/udemy_robot/pratice_ws/install/robot_moveit/share/robot_moveit/local_setup.bash
[0.226s] -- Up-to-date: /home/user/workspace/udemy_robot/pratice_ws/install/robot_moveit/share/robot_moveit/local_setup.sh
[0.226s] -- Up-to-date: /home/user/workspace/udemy_robot/pratice_ws/install/robot_moveit/share/robot_moveit/local_setup.zsh
[0.226s] -- Installing: /home/user/workspace/udemy_robot/pratice_ws/install/robot_moveit/share/robot_moveit/local_setup.dsv
[0.226s] -- Installing: /home/user/workspace/udemy_robot/pratice_ws/install/robot_moveit/share/robot_moveit/package.dsv
[0.226s] -- Up-to-date: /home/user/workspace/udemy_robot/pratice_ws/install/robot_moveit/share/ament_index/resource_index/packages/robot_moveit
[0.226s] -- Up-to-date: /home/user/workspace/udemy_robot/pratice_ws/install/robot_moveit/share/robot_moveit/cmake/robot_moveitConfig.cmake
[0.226s] -- Up-to-date: /home/user/workspace/udemy_robot/pratice_ws/install/robot_moveit/share/robot_moveit/cmake/robot_moveitConfig-version.cmake
[0.226s] -- Up-to-date: /home/user/workspace/udemy_robot/pratice_ws/install/robot_moveit/share/robot_moveit/package.xml
[0.227s] Invoked command in '/home/user/workspace/udemy_robot/pratice_ws/build/robot_moveit' returned '0': CMAKE_PREFIX_PATH=${CMAKE_PREFIX_PATH}:/home/user/workspace/ros2_ws/install/robot_arm_control:/home/user/workspace/ros2_ws/install/pros_car_py:/home/user/workspace/ros2_ws/install/my_py_pkg:/opt/ros/humble /usr/bin/cmake --install /home/user/workspace/udemy_robot/pratice_ws/build/robot_moveit
