[0.011s] Invoking command in '/home/user/workspace/udemy_robot/pratice_ws/build/robot_moveit': CMAKE_PREFIX_PATH=${CMAKE_PREFIX_PATH}:/home/user/workspace/ros2_ws/install/robot_arm_control:/home/user/workspace/ros2_ws/install/pros_car_py:/home/user/workspace/ros2_ws/install/my_py_pkg:/opt/ros/humble /usr/bin/cmake --build /home/user/workspace/udemy_robot/pratice_ws/build/robot_moveit -- -j16 -l16
[0.030s] Invoked command in '/home/user/workspace/udemy_robot/pratice_ws/build/robot_moveit' returned '0': CMAKE_PREFIX_PATH=${CMAKE_PREFIX_PATH}:/home/user/workspace/ros2_ws/install/robot_arm_control:/home/user/workspace/ros2_ws/install/pros_car_py:/home/user/workspace/ros2_ws/install/my_py_pkg:/opt/ros/humble /usr/bin/cmake --build /home/user/workspace/udemy_robot/pratice_ws/build/robot_moveit -- -j16 -l16
[0.044s] Invoking command in '/home/user/workspace/udemy_robot/pratice_ws/build/robot_moveit': CMAKE_PREFIX_PATH=${CMAKE_PREFIX_PATH}:/home/user/workspace/ros2_ws/install/robot_arm_control:/home/user/workspace/ros2_ws/install/pros_car_py:/home/user/workspace/ros2_ws/install/my_py_pkg:/opt/ros/humble /usr/bin/cmake --install /home/user/workspace/udemy_robot/pratice_ws/build/robot_moveit
[0.049s] -- Install configuration: ""
[0.049s] -- Up-to-date: /home/user/workspace/udemy_robot/pratice_ws/install/robot_moveit/share/robot_moveit/launch
[0.049s] -- Installing: /home/user/workspace/udemy_robot/pratice_ws/install/robot_moveit/share/robot_moveit/launch/moveit.launch.py
[0.049s] -- Up-to-date: /home/user/workspace/udemy_robot/pratice_ws/install/robot_moveit/share/robot_moveit/config
[0.049s] -- Up-to-date: /home/user/workspace/udemy_robot/pratice_ws/install/robot_moveit/share/robot_moveit/config/pilz_cartesian_limits.yaml
[0.050s] -- Installing: /home/user/workspace/udemy_robot/pratice_ws/install/robot_moveit/share/robot_moveit/config/myrobot.srdf
[0.050s] -- Up-to-date: /home/user/workspace/udemy_robot/pratice_ws/install/robot_moveit/share/robot_moveit/config/moveit_controllers.yaml
[0.050s] -- Up-to-date: /home/user/workspace/udemy_robot/pratice_ws/install/robot_moveit/share/robot_moveit/config/joint_limits.yaml
[0.050s] -- Up-to-date: /home/user/workspace/udemy_robot/pratice_ws/install/robot_moveit/share/robot_moveit/config/kinematics.yaml
[0.050s] -- Up-to-date: /home/user/workspace/udemy_robot/pratice_ws/install/robot_moveit/share/ament_index/resource_index/package_run_dependencies/robot_moveit
[0.050s] -- Up-to-date: /home/user/workspace/udemy_robot/pratice_ws/install/robot_moveit/share/ament_index/resource_index/parent_prefix_path/robot_moveit
[0.050s] -- Up-to-date: /home/user/workspace/udemy_robot/pratice_ws/install/robot_moveit/share/robot_moveit/environment/ament_prefix_path.sh
[0.050s] -- Up-to-date: /home/user/workspace/udemy_robot/pratice_ws/install/robot_moveit/share/robot_moveit/environment/ament_prefix_path.dsv
[0.050s] -- Up-to-date: /home/user/workspace/udemy_robot/pratice_ws/install/robot_moveit/share/robot_moveit/environment/path.sh
[0.050s] -- Up-to-date: /home/user/workspace/udemy_robot/pratice_ws/install/robot_moveit/share/robot_moveit/environment/path.dsv
[0.050s] -- Up-to-date: /home/user/workspace/udemy_robot/pratice_ws/install/robot_moveit/share/robot_moveit/local_setup.bash
[0.050s] -- Up-to-date: /home/user/workspace/udemy_robot/pratice_ws/install/robot_moveit/share/robot_moveit/local_setup.sh
[0.050s] -- Up-to-date: /home/user/workspace/udemy_robot/pratice_ws/install/robot_moveit/share/robot_moveit/local_setup.zsh
[0.051s] -- Up-to-date: /home/user/workspace/udemy_robot/pratice_ws/install/robot_moveit/share/robot_moveit/local_setup.dsv
[0.051s] -- Installing: /home/user/workspace/udemy_robot/pratice_ws/install/robot_moveit/share/robot_moveit/package.dsv
[0.051s] -- Up-to-date: /home/user/workspace/udemy_robot/pratice_ws/install/robot_moveit/share/ament_index/resource_index/packages/robot_moveit
[0.052s] -- Up-to-date: /home/user/workspace/udemy_robot/pratice_ws/install/robot_moveit/share/robot_moveit/cmake/robot_moveitConfig.cmake
[0.052s] -- Up-to-date: /home/user/workspace/udemy_robot/pratice_ws/install/robot_moveit/share/robot_moveit/cmake/robot_moveitConfig-version.cmake
[0.052s] -- Up-to-date: /home/user/workspace/udemy_robot/pratice_ws/install/robot_moveit/share/robot_moveit/package.xml
[0.053s] Invoked command in '/home/user/workspace/udemy_robot/pratice_ws/build/robot_moveit' returned '0': CMAKE_PREFIX_PATH=${CMAKE_PREFIX_PATH}:/home/user/workspace/ros2_ws/install/robot_arm_control:/home/user/workspace/ros2_ws/install/pros_car_py:/home/user/workspace/ros2_ws/install/my_py_pkg:/opt/ros/humble /usr/bin/cmake --install /home/user/workspace/udemy_robot/pratice_ws/build/robot_moveit
