-- Install configuration: ""
-- Up-to-date: /home/user/workspace/udemy_robot/pratice_ws/install/myrobot_description/share/myrobot_description/meshes
-- Up-to-date: /home/user/workspace/udemy_robot/pratice_ws/install/myrobot_description/share/myrobot_description/meshes/link_3_1.stl
-- Up-to-date: /home/user/workspace/udemy_robot/pratice_ws/install/myrobot_description/share/myrobot_description/meshes/base_link.stl
-- Up-to-date: /home/user/workspace/udemy_robot/pratice_ws/install/myrobot_description/share/myrobot_description/meshes/link_2_1.stl
-- Up-to-date: /home/user/workspace/udemy_robot/pratice_ws/install/myrobot_description/share/myrobot_description/meshes/link_1_1.stl
-- Up-to-date: /home/user/workspace/udemy_robot/pratice_ws/install/myrobot_description/share/myrobot_description/urdf
-- Up-to-date: /home/user/workspace/udemy_robot/pratice_ws/install/myrobot_description/share/myrobot_description/urdf/combine_ver2.trans
-- Installing: /home/user/workspace/udemy_robot/pratice_ws/install/myrobot_description/share/myrobot_description/urdf/combine_ver2.xacro
-- Up-to-date: /home/user/workspace/udemy_robot/pratice_ws/install/myrobot_description/share/myrobot_description/urdf/combine_ver2.gazebo
-- Up-to-date: /home/user/workspace/udemy_robot/pratice_ws/install/myrobot_description/share/myrobot_description/urdf/materials.xacro
-- Up-to-date: /home/user/workspace/udemy_robot/pratice_ws/install/myrobot_description/share/ament_index/resource_index/package_run_dependencies/myrobot_description
-- Up-to-date: /home/user/workspace/udemy_robot/pratice_ws/install/myrobot_description/share/ament_index/resource_index/parent_prefix_path/myrobot_description
-- Up-to-date: /home/user/workspace/udemy_robot/pratice_ws/install/myrobot_description/share/myrobot_description/environment/ament_prefix_path.sh
-- Up-to-date: /home/user/workspace/udemy_robot/pratice_ws/install/myrobot_description/share/myrobot_description/environment/ament_prefix_path.dsv
-- Up-to-date: /home/user/workspace/udemy_robot/pratice_ws/install/myrobot_description/share/myrobot_description/environment/path.sh
-- Up-to-date: /home/user/workspace/udemy_robot/pratice_ws/install/myrobot_description/share/myrobot_description/environment/path.dsv
-- Up-to-date: /home/user/workspace/udemy_robot/pratice_ws/install/myrobot_description/share/myrobot_description/local_setup.bash
-- Up-to-date: /home/user/workspace/udemy_robot/pratice_ws/install/myrobot_description/share/myrobot_description/local_setup.sh
-- Up-to-date: /home/user/workspace/udemy_robot/pratice_ws/install/myrobot_description/share/myrobot_description/local_setup.zsh
-- Up-to-date: /home/user/workspace/udemy_robot/pratice_ws/install/myrobot_description/share/myrobot_description/local_setup.dsv
-- Up-to-date: /home/user/workspace/udemy_robot/pratice_ws/install/myrobot_description/share/myrobot_description/package.dsv
-- Up-to-date: /home/user/workspace/udemy_robot/pratice_ws/install/myrobot_description/share/ament_index/resource_index/packages/myrobot_description
-- Up-to-date: /home/user/workspace/udemy_robot/pratice_ws/install/myrobot_description/share/myrobot_description/cmake/myrobot_descriptionConfig.cmake
-- Up-to-date: /home/user/workspace/udemy_robot/pratice_ws/install/myrobot_description/share/myrobot_description/cmake/myrobot_descriptionConfig-version.cmake
-- Up-to-date: /home/user/workspace/udemy_robot/pratice_ws/install/myrobot_description/share/myrobot_description/package.xml
